12:48:17.198 [restartedMain] INFO  n.e.journalApp.JournalApplication - Starting JournalApplication using Java 24.0.2 on Krushna with PID 10928 (D:\spring\journalApp\journalApp\target\classes started by Admin in D:\spring\journalApp)
12:48:17.203 [restartedMain] DEBUG n.e.journalApp.JournalApplication - Running with Spring Boot v2.7.16, Spring v5.3.30
12:48:17.204 [restartedMain] INFO  n.e.journalApp.JournalApplication - The following 1 profile is active: "dev"
12:48:17.335 [restartedMain] INFO  o.s.b.d.e.DevToolsPropertyDefaultsPostProcessor - Devtools property defaults active! Set 'spring.devtools.add-properties' to 'false' to disable
12:48:17.335 [restartedMain] INFO  o.s.b.d.e.DevToolsPropertyDefaultsPostProcessor - For additional web related logging consider setting the 'logging.level.web' property to 'DEBUG'
12:48:18.501 [restartedMain] INFO  o.s.d.r.c.RepositoryConfigurationDelegate - Bootstrapping Spring Data MongoDB repositories in DEFAULT mode.
12:48:18.623 [restartedMain] INFO  o.s.d.r.c.RepositoryConfigurationDelegate - Finished Spring Data repository scanning in 114 ms. Found 2 MongoDB repository interfaces.
12:48:19.806 [restartedMain] INFO  o.s.b.w.e.tomcat.TomcatWebServer - Tomcat initialized with port(s): 8080 (http)
12:48:19.831 [restartedMain] INFO  o.a.coyote.http11.Http11NioProtocol - Initializing ProtocolHandler ["http-nio-8080"]
12:48:19.836 [restartedMain] INFO  o.a.catalina.core.StandardService - Starting service [Tomcat]
12:48:19.837 [restartedMain] INFO  o.a.catalina.core.StandardEngine - Starting Servlet engine: [Apache Tomcat/9.0.80]
12:48:19.957 [restartedMain] INFO  o.a.c.c.C.[Tomcat].[localhost].[/] - Initializing Spring embedded WebApplicationContext
12:48:19.959 [restartedMain] INFO  o.s.b.w.s.c.ServletWebServerApplicationContext - Root WebApplicationContext: initialization completed in 2609 ms
12:48:20.535 [cluster-ClusterId{value='68cd03bc5103c8688c2752e6', description='null'}-srv-test-twitter-clone.axgdt.mongodb.net] INFO  org.mongodb.driver.cluster - Adding discovered server test-twitter-clone-shard-00-02.axgdt.mongodb.net:27017 to client view of cluster
12:48:20.570 [restartedMain] INFO  org.mongodb.driver.client - MongoClient with metadata {"driver": {"name": "mongo-java-driver|sync|spring-boot", "version": "4.6.1"}, "os": {"type": "Windows", "name": "Windows 11", "architecture": "amd64", "version": "10.0"}, "platform": "Java/Oracle Corporation/24.0.2+12-54", "application": {"name": "test-twitter-clone"}} created with settings MongoClientSettings{readPreference=primary, writeConcern=WriteConcern{w=majority, wTimeout=null ms, journal=null}, retryWrites=true, retryReads=true, readConcern=ReadConcern{level=null}, credential=MongoCredential{mechanism=null, userName='varshaharde88', source='admin', password=<hidden>, mechanismProperties=<hidden>}, streamFactoryFactory=null, commandListeners=[], codecRegistry=ProvidersCodecRegistry{codecProviders=[ValueCodecProvider{}, BsonValueCodecProvider{}, DBRefCodecProvider{}, DBObjectCodecProvider{}, DocumentCodecProvider{}, IterableCodecProvider{}, MapCodecProvider{}, GeoJsonCodecProvider{}, GridFSFileCodecProvider{}, Jsr310CodecProvider{}, JsonObjectCodecProvider{}, BsonCodecProvider{}, EnumCodecProvider{}, com.mongodb.Jep395RecordCodecProvider@567b3dd6]}, clusterSettings={hosts=[127.0.0.1:27017], srvHost=test-twitter-clone.axgdt.mongodb.net, srvServiceName=mongodb, mode=MULTIPLE, requiredClusterType=REPLICA_SET, requiredReplicaSetName='atlas-ztghgj-shard-0', serverSelector='null', clusterListeners='[]', serverSelectionTimeout='30000 ms', localThreshold='30000 ms'}, socketSettings=SocketSettings{connectTimeoutMS=10000, readTimeoutMS=0, receiveBufferSize=0, sendBufferSize=0}, heartbeatSocketSettings=SocketSettings{connectTimeoutMS=10000, readTimeoutMS=10000, receiveBufferSize=0, sendBufferSize=0}, connectionPoolSettings=ConnectionPoolSettings{maxSize=100, minSize=0, maxWaitTimeMS=120000, maxConnectionLifeTimeMS=0, maxConnectionIdleTimeMS=0, maintenanceInitialDelayMS=0, maintenanceFrequencyMS=60000, connectionPoolListeners=[], maxConnecting=2}, serverSettings=ServerSettings{heartbeatFrequencyMS=10000, minHeartbeatFrequencyMS=500, serverListeners='[]', serverMonitorListeners='[]'}, sslSettings=SslSettings{enabled=true, invalidHostNameAllowed=false, context=null}, applicationName='test-twitter-clone', compressorList=[], uuidRepresentation=JAVA_LEGACY, serverApi=null, autoEncryptionSettings=null, contextProvider=null}
12:48:20.578 [cluster-ClusterId{value='68cd03bc5103c8688c2752e6', description='null'}-srv-test-twitter-clone.axgdt.mongodb.net] INFO  org.mongodb.driver.cluster - Adding discovered server test-twitter-clone-shard-00-01.axgdt.mongodb.net:27017 to client view of cluster
12:48:20.580 [cluster-ClusterId{value='68cd03bc5103c8688c2752e6', description='null'}-srv-test-twitter-clone.axgdt.mongodb.net] INFO  org.mongodb.driver.cluster - Adding discovered server test-twitter-clone-shard-00-00.axgdt.mongodb.net:27017 to client view of cluster
12:48:20.927 [restartedMain] INFO  o.s.b.d.a.OptionalLiveReloadServer - LiveReload server is running on port 35729
12:48:21.300 [restartedMain] INFO  org.mongodb.driver.cluster - No server chosen by com.mongodb.client.internal.MongoClientDelegate$1@2e9f3801 from cluster description ClusterDescription{type=REPLICA_SET, connectionMode=MULTIPLE, serverDescriptions=[ServerDescription{address=test-twitter-clone-shard-00-01.axgdt.mongodb.net:27017, type=UNKNOWN, state=CONNECTING}, ServerDescription{address=test-twitter-clone-shard-00-00.axgdt.mongodb.net:27017, type=UNKNOWN, state=CONNECTING}, ServerDescription{address=test-twitter-clone-shard-00-02.axgdt.mongodb.net:27017, type=UNKNOWN, state=CONNECTING}]}. Waiting for 30000 ms before timing out
12:48:21.665 [cluster-rtt-ClusterId{value='68cd03bc5103c8688c2752e6', description='null'}-test-twitter-clone-shard-00-01.axgdt.mongodb.net:27017] INFO  org.mongodb.driver.connection - Opened connection [connectionId{localValue:5, serverValue:136578}] to test-twitter-clone-shard-00-01.axgdt.mongodb.net:27017
12:48:21.665 [cluster-rtt-ClusterId{value='68cd03bc5103c8688c2752e6', description='null'}-test-twitter-clone-shard-00-02.axgdt.mongodb.net:27017] INFO  org.mongodb.driver.connection - Opened connection [connectionId{localValue:2, serverValue:123482}] to test-twitter-clone-shard-00-02.axgdt.mongodb.net:27017
12:48:21.665 [cluster-ClusterId{value='68cd03bc5103c8688c2752e6', description='null'}-test-twitter-clone-shard-00-02.axgdt.mongodb.net:27017] INFO  org.mongodb.driver.connection - Opened connection [connectionId{localValue:1, serverValue:123481}] to test-twitter-clone-shard-00-02.axgdt.mongodb.net:27017
12:48:21.665 [cluster-ClusterId{value='68cd03bc5103c8688c2752e6', description='null'}-test-twitter-clone-shard-00-01.axgdt.mongodb.net:27017] INFO  org.mongodb.driver.connection - Opened connection [connectionId{localValue:6, serverValue:136600}] to test-twitter-clone-shard-00-01.axgdt.mongodb.net:27017
12:48:21.666 [cluster-ClusterId{value='68cd03bc5103c8688c2752e6', description='null'}-test-twitter-clone-shard-00-02.axgdt.mongodb.net:27017] INFO  org.mongodb.driver.cluster - Monitor thread successfully connected to server with description ServerDescription{address=test-twitter-clone-shard-00-02.axgdt.mongodb.net:27017, type=REPLICA_SET_SECONDARY, state=CONNECTED, ok=true, minWireVersion=0, maxWireVersion=25, maxDocumentSize=16777216, logicalSessionTimeoutMinutes=30, roundTripTimeNanos=593217600, setName='atlas-ztghgj-shard-0', canonicalAddress=test-twitter-clone-shard-00-02.axgdt.mongodb.net:27017, hosts=[test-twitter-clone-shard-00-01.axgdt.mongodb.net:27017, test-twitter-clone-shard-00-02.axgdt.mongodb.net:27017, test-twitter-clone-shard-00-00.axgdt.mongodb.net:27017], passives=[], arbiters=[], primary='test-twitter-clone-shard-00-01.axgdt.mongodb.net:27017', tagSet=TagSet{[Tag{name='availabilityZone', value='aps1-az2'}, Tag{name='diskState', value='READY'}, Tag{name='nodeType', value='ELECTABLE'}, Tag{name='provider', value='AWS'}, Tag{name='region', value='AP_SOUTH_1'}, Tag{name='workloadType', value='OPERATIONAL'}]}, electionId=null, setVersion=1, topologyVersion=TopologyVersion{processId=68c573214340327af8925781, counter=3}, lastWriteDate=Fri Sep 19 12:48:17 IST 2025, lastUpdateTimeNanos=4945408009500}
12:48:21.666 [cluster-ClusterId{value='68cd03bc5103c8688c2752e6', description='null'}-test-twitter-clone-shard-00-01.axgdt.mongodb.net:27017] INFO  org.mongodb.driver.cluster - Monitor thread successfully connected to server with description ServerDescription{address=test-twitter-clone-shard-00-01.axgdt.mongodb.net:27017, type=REPLICA_SET_PRIMARY, state=CONNECTED, ok=true, minWireVersion=0, maxWireVersion=25, maxDocumentSize=16777216, logicalSessionTimeoutMinutes=30, roundTripTimeNanos=593191100, setName='atlas-ztghgj-shard-0', canonicalAddress=test-twitter-clone-shard-00-01.axgdt.mongodb.net:27017, hosts=[test-twitter-clone-shard-00-01.axgdt.mongodb.net:27017, test-twitter-clone-shard-00-02.axgdt.mongodb.net:27017, test-twitter-clone-shard-00-00.axgdt.mongodb.net:27017], passives=[], arbiters=[], primary='test-twitter-clone-shard-00-01.axgdt.mongodb.net:27017', tagSet=TagSet{[Tag{name='availabilityZone', value='aps1-az3'}, Tag{name='diskState', value='READY'}, Tag{name='nodeType', value='ELECTABLE'}, Tag{name='provider', value='AWS'}, Tag{name='region', value='AP_SOUTH_1'}, Tag{name='workloadType', value='OPERATIONAL'}]}, electionId=7fffffff0000000000000027, setVersion=1, topologyVersion=TopologyVersion{processId=68c56fd6304bda3d7d9a0d8b, counter=6}, lastWriteDate=Fri Sep 19 12:48:17 IST 2025, lastUpdateTimeNanos=4945408013900}
12:48:21.673 [cluster-ClusterId{value='68cd03bc5103c8688c2752e6', description='null'}-test-twitter-clone-shard-00-01.axgdt.mongodb.net:27017] INFO  org.mongodb.driver.cluster - Setting max election id to 7fffffff0000000000000027 from replica set primary test-twitter-clone-shard-00-01.axgdt.mongodb.net:27017
12:48:21.673 [cluster-ClusterId{value='68cd03bc5103c8688c2752e6', description='null'}-test-twitter-clone-shard-00-01.axgdt.mongodb.net:27017] INFO  org.mongodb.driver.cluster - Setting max set version to 1 from replica set primary test-twitter-clone-shard-00-01.axgdt.mongodb.net:27017
12:48:21.673 [cluster-ClusterId{value='68cd03bc5103c8688c2752e6', description='null'}-test-twitter-clone-shard-00-01.axgdt.mongodb.net:27017] INFO  org.mongodb.driver.cluster - Discovered replica set primary test-twitter-clone-shard-00-01.axgdt.mongodb.net:27017
12:48:21.846 [restartedMain] INFO  org.mongodb.driver.connection - Opened connection [connectionId{localValue:7, serverValue:136578}] to test-twitter-clone-shard-00-01.axgdt.mongodb.net:27017
12:48:22.554 [restartedMain] INFO  o.s.s.web.DefaultSecurityFilterChain - Will secure any request with [org.springframework.security.web.session.DisableEncodeUrlFilter@53a6b464, org.springframework.security.web.context.request.async.WebAsyncManagerIntegrationFilter@51936c91, org.springframework.security.web.context.SecurityContextPersistenceFilter@7766177e, org.springframework.security.web.header.HeaderWriterFilter@23a9ee9, org.springframework.security.web.authentication.logout.LogoutFilter@3c6381c8, org.springframework.security.web.authentication.www.BasicAuthenticationFilter@1c6e2f80, org.springframework.security.web.savedrequest.RequestCacheAwareFilter@514a570c, org.springframework.security.web.servletapi.SecurityContextHolderAwareRequestFilter@36a23b02, org.springframework.security.web.authentication.AnonymousAuthenticationFilter@2e25018f, org.springframework.security.web.session.SessionManagementFilter@2fa6f663, org.springframework.security.web.access.ExceptionTranslationFilter@5ee42151, org.springframework.security.web.access.intercept.FilterSecurityInterceptor@5a932b59]
12:48:22.990 [cluster-ClusterId{value='68cd03bc5103c8688c2752e6', description='null'}-test-twitter-clone-shard-00-00.axgdt.mongodb.net:27017] INFO  org.mongodb.driver.connection - Opened connection [connectionId{localValue:4, serverValue:128376}] to test-twitter-clone-shard-00-00.axgdt.mongodb.net:27017
12:48:22.990 [cluster-ClusterId{value='68cd03bc5103c8688c2752e6', description='null'}-test-twitter-clone-shard-00-00.axgdt.mongodb.net:27017] INFO  org.mongodb.driver.cluster - Monitor thread successfully connected to server with description ServerDescription{address=test-twitter-clone-shard-00-00.axgdt.mongodb.net:27017, type=REPLICA_SET_SECONDARY, state=CONNECTED, ok=true, minWireVersion=0, maxWireVersion=25, maxDocumentSize=16777216, logicalSessionTimeoutMinutes=30, roundTripTimeNanos=68772100, setName='atlas-ztghgj-shard-0', canonicalAddress=test-twitter-clone-shard-00-00.axgdt.mongodb.net:27017, hosts=[test-twitter-clone-shard-00-01.axgdt.mongodb.net:27017, test-twitter-clone-shard-00-02.axgdt.mongodb.net:27017, test-twitter-clone-shard-00-00.axgdt.mongodb.net:27017], passives=[], arbiters=[], primary='test-twitter-clone-shard-00-01.axgdt.mongodb.net:27017', tagSet=TagSet{[Tag{name='availabilityZone', value='aps1-az1'}, Tag{name='diskState', value='READY'}, Tag{name='nodeType', value='ELECTABLE'}, Tag{name='provider', value='AWS'}, Tag{name='region', value='AP_SOUTH_1'}, Tag{name='workloadType', value='OPERATIONAL'}]}, electionId=null, setVersion=1, topologyVersion=TopologyVersion{processId=68c56da73719497883923d5e, counter=4}, lastWriteDate=Fri Sep 19 12:48:18 IST 2025, lastUpdateTimeNanos=4946735861500}
12:48:23.005 [cluster-rtt-ClusterId{value='68cd03bc5103c8688c2752e6', description='null'}-test-twitter-clone-shard-00-00.axgdt.mongodb.net:27017] INFO  org.mongodb.driver.connection - Opened connection [connectionId{localValue:3, serverValue:128373}] to test-twitter-clone-shard-00-00.axgdt.mongodb.net:27017
12:48:23.173 [restartedMain] INFO  o.a.coyote.http11.Http11NioProtocol - Starting ProtocolHandler ["http-nio-8080"]
12:48:23.207 [restartedMain] INFO  o.s.b.w.e.tomcat.TomcatWebServer - Tomcat started on port(s): 8080 (http) with context path ''
12:48:23.228 [restartedMain] INFO  n.e.journalApp.JournalApplication - Started JournalApplication in 6.844 seconds (JVM running for 7.97)
12:51:47.293 [http-nio-8080-exec-1] INFO  o.a.c.c.C.[Tomcat].[localhost].[/] - Initializing Spring DispatcherServlet 'dispatcherServlet'
12:51:47.294 [http-nio-8080-exec-1] INFO  o.s.web.servlet.DispatcherServlet - Initializing Servlet 'dispatcherServlet'
12:51:47.296 [http-nio-8080-exec-1] INFO  o.s.web.servlet.DispatcherServlet - Completed initialization in 2 ms
12:51:47.810 [http-nio-8080-exec-1] ERROR n.e.journalApp.service.UserService - IG USER EXIST with username ram : 
org.springframework.dao.DuplicateKeyException: Write operation error on server test-twitter-clone-shard-00-01.axgdt.mongodb.net:27017. Write error: WriteError{code=11000, message='E11000 duplicate key error collection: journaldb.users index: userName dup key: { userName: "ram" }', details={}}.; nested exception is com.mongodb.MongoWriteException: Write operation error on server test-twitter-clone-shard-00-01.axgdt.mongodb.net:27017. Write error: WriteError{code=11000, message='E11000 duplicate key error collection: journaldb.users index: userName dup key: { userName: "ram" }', details={}}.
	at org.springframework.data.mongodb.core.MongoExceptionTranslator.translateExceptionIfPossible(MongoExceptionTranslator.java:106)
	at org.springframework.data.mongodb.core.MongoTemplate.potentiallyConvertRuntimeException(MongoTemplate.java:3029)
	at org.springframework.data.mongodb.core.MongoTemplate.execute(MongoTemplate.java:581)
	at org.springframework.data.mongodb.core.MongoTemplate.insertDocument(MongoTemplate.java:1530)
	at org.springframework.data.mongodb.core.MongoTemplate.doInsert(MongoTemplate.java:1326)
	at org.springframework.data.mongodb.core.MongoTemplate.insert(MongoTemplate.java:1241)
	at org.springframework.data.mongodb.repository.support.SimpleMongoRepository.save(SimpleMongoRepository.java:95)
	at java.base/jdk.internal.reflect.DirectMethodHandleAccessor.invoke(DirectMethodHandleAccessor.java:104)
	at java.base/java.lang.reflect.Method.invoke(Method.java:565)
	at org.springframework.data.repository.core.support.RepositoryMethodInvoker$RepositoryFragmentMethodInvoker.lambda$new$0(RepositoryMethodInvoker.java:289)
	at org.springframework.data.repository.core.support.RepositoryMethodInvoker.doInvoke(RepositoryMethodInvoker.java:137)
	at org.springframework.data.repository.core.support.RepositoryMethodInvoker.invoke(RepositoryMethodInvoker.java:121)
	at org.springframework.data.repository.core.support.RepositoryComposition$RepositoryFragments.invoke(RepositoryComposition.java:530)
	at org.springframework.data.repository.core.support.RepositoryComposition.invoke(RepositoryComposition.java:286)
	at org.springframework.data.repository.core.support.RepositoryFactorySupport$ImplementationMethodExecutionInterceptor.invoke(RepositoryFactorySupport.java:640)
	at org.springframework.aop.framework.ReflectiveMethodInvocation.proceed(ReflectiveMethodInvocation.java:186)
	at org.springframework.data.repository.core.support.QueryExecutorMethodInterceptor.doInvoke(QueryExecutorMethodInterceptor.java:164)
	at org.springframework.data.repository.core.support.QueryExecutorMethodInterceptor.invoke(QueryExecutorMethodInterceptor.java:139)
	at org.springframework.aop.framework.ReflectiveMethodInvocation.proceed(ReflectiveMethodInvocation.java:186)
	at org.springframework.data.projection.DefaultMethodInvokingMethodInterceptor.invoke(DefaultMethodInvokingMethodInterceptor.java:76)
	at org.springframework.aop.framework.ReflectiveMethodInvocation.proceed(ReflectiveMethodInvocation.java:186)
	at org.springframework.aop.interceptor.ExposeInvocationInterceptor.invoke(ExposeInvocationInterceptor.java:97)
	at org.springframework.aop.framework.ReflectiveMethodInvocation.proceed(ReflectiveMethodInvocation.java:186)
	at org.springframework.aop.framework.JdkDynamicAopProxy.invoke(JdkDynamicAopProxy.java:241)
	at jdk.proxy3/jdk.proxy3.$Proxy75.save(Unknown Source)
	at java.base/jdk.internal.reflect.DirectMethodHandleAccessor.invoke(DirectMethodHandleAccessor.java:104)
	at java.base/java.lang.reflect.Method.invoke(Method.java:565)
	at org.springframework.aop.support.AopUtils.invokeJoinpointUsingReflection(AopUtils.java:344)
	at org.springframework.aop.framework.ReflectiveMethodInvocation.invokeJoinpoint(ReflectiveMethodInvocation.java:198)
	at org.springframework.aop.framework.ReflectiveMethodInvocation.proceed(ReflectiveMethodInvocation.java:163)
	at org.springframework.dao.support.PersistenceExceptionTranslationInterceptor.invoke(PersistenceExceptionTranslationInterceptor.java:137)
	at org.springframework.aop.framework.ReflectiveMethodInvocation.proceed(ReflectiveMethodInvocation.java:186)
	at org.springframework.aop.framework.JdkDynamicAopProxy.invoke(JdkDynamicAopProxy.java:241)
	at jdk.proxy3/jdk.proxy3.$Proxy75.save(Unknown Source)
	at net.engineeringdigest.journalApp.service.UserService.saveNewUser(UserService.java:43)
	at net.engineeringdigest.journalApp.controller.PublicController.createUser(PublicController.java:19)
	at java.base/jdk.internal.reflect.DirectMethodHandleAccessor.invoke(DirectMethodHandleAccessor.java:104)
	at java.base/java.lang.reflect.Method.invoke(Method.java:565)
	at org.springframework.web.method.support.InvocableHandlerMethod.doInvoke(InvocableHandlerMethod.java:205)
	at org.springframework.web.method.support.InvocableHandlerMethod.invokeForRequest(InvocableHandlerMethod.java:150)
	at org.springframework.web.servlet.mvc.method.annotation.ServletInvocableHandlerMethod.invokeAndHandle(ServletInvocableHandlerMethod.java:117)
	at org.springframework.web.servlet.mvc.method.annotation.RequestMappingHandlerAdapter.invokeHandlerMethod(RequestMappingHandlerAdapter.java:895)
	at org.springframework.web.servlet.mvc.method.annotation.RequestMappingHandlerAdapter.handleInternal(RequestMappingHandlerAdapter.java:808)
	at org.springframework.web.servlet.mvc.method.AbstractHandlerMethodAdapter.handle(AbstractHandlerMethodAdapter.java:87)
	at org.springframework.web.servlet.DispatcherServlet.doDispatch(DispatcherServlet.java:1072)
	at org.springframework.web.servlet.DispatcherServlet.doService(DispatcherServlet.java:965)
	at org.springframework.web.servlet.FrameworkServlet.processRequest(FrameworkServlet.java:1006)
	at org.springframework.web.servlet.FrameworkServlet.doPost(FrameworkServlet.java:909)
	at javax.servlet.http.HttpServlet.service(HttpServlet.java:555)
	at org.springframework.web.servlet.FrameworkServlet.service(FrameworkServlet.java:883)
	at javax.servlet.http.HttpServlet.service(HttpServlet.java:623)
	at org.apache.catalina.core.ApplicationFilterChain.internalDoFilter(ApplicationFilterChain.java:209)
	at org.apache.catalina.core.ApplicationFilterChain.doFilter(ApplicationFilterChain.java:153)
	at org.apache.tomcat.websocket.server.WsFilter.doFilter(WsFilter.java:51)
	at org.apache.catalina.core.ApplicationFilterChain.internalDoFilter(ApplicationFilterChain.java:178)
	at org.apache.catalina.core.ApplicationFilterChain.doFilter(ApplicationFilterChain.java:153)
	at org.springframework.security.web.FilterChainProxy$VirtualFilterChain.doFilter(FilterChainProxy.java:337)
	at org.springframework.security.web.access.intercept.FilterSecurityInterceptor.invoke(FilterSecurityInterceptor.java:115)
	at org.springframework.security.web.access.intercept.FilterSecurityInterceptor.doFilter(FilterSecurityInterceptor.java:81)
	at org.springframework.security.web.FilterChainProxy$VirtualFilterChain.doFilter(FilterChainProxy.java:346)
	at org.springframework.security.web.access.ExceptionTranslationFilter.doFilter(ExceptionTranslationFilter.java:122)
	at org.springframework.security.web.access.ExceptionTranslationFilter.doFilter(ExceptionTranslationFilter.java:116)
	at org.springframework.security.web.FilterChainProxy$VirtualFilterChain.doFilter(FilterChainProxy.java:346)
	at org.springframework.security.web.session.SessionManagementFilter.doFilter(SessionManagementFilter.java:126)
	at org.springframework.security.web.session.SessionManagementFilter.doFilter(SessionManagementFilter.java:81)
	at org.springframework.security.web.FilterChainProxy$VirtualFilterChain.doFilter(FilterChainProxy.java:346)
	at org.springframework.security.web.authentication.AnonymousAuthenticationFilter.doFilter(AnonymousAuthenticationFilter.java:109)
	at org.springframework.security.web.FilterChainProxy$VirtualFilterChain.doFilter(FilterChainProxy.java:346)
	at org.springframework.security.web.servletapi.SecurityContextHolderAwareRequestFilter.doFilter(SecurityContextHolderAwareRequestFilter.java:149)
	at org.springframework.security.web.FilterChainProxy$VirtualFilterChain.doFilter(FilterChainProxy.java:346)
	at org.springframework.security.web.savedrequest.RequestCacheAwareFilter.doFilter(RequestCacheAwareFilter.java:63)
	at org.springframework.security.web.FilterChainProxy$VirtualFilterChain.doFilter(FilterChainProxy.java:346)
	at org.springframework.security.web.authentication.www.BasicAuthenticationFilter.doFilterInternal(BasicAuthenticationFilter.java:164)
	at org.springframework.web.filter.OncePerRequestFilter.doFilter(OncePerRequestFilter.java:117)
	at org.springframework.security.web.FilterChainProxy$VirtualFilterChain.doFilter(FilterChainProxy.java:346)
	at org.springframework.security.web.authentication.logout.LogoutFilter.doFilter(LogoutFilter.java:103)
	at org.springframework.security.web.authentication.logout.LogoutFilter.doFilter(LogoutFilter.java:89)
	at org.springframework.security.web.FilterChainProxy$VirtualFilterChain.doFilter(FilterChainProxy.java:346)
	at org.springframework.security.web.header.HeaderWriterFilter.doHeadersAfter(HeaderWriterFilter.java:90)
	at org.springframework.security.web.header.HeaderWriterFilter.doFilterInternal(HeaderWriterFilter.java:75)
	at org.springframework.web.filter.OncePerRequestFilter.doFilter(OncePerRequestFilter.java:117)
	at org.springframework.security.web.FilterChainProxy$VirtualFilterChain.doFilter(FilterChainProxy.java:346)
	at org.springframework.security.web.context.SecurityContextPersistenceFilter.doFilter(SecurityContextPersistenceFilter.java:112)
	at org.springframework.security.web.context.SecurityContextPersistenceFilter.doFilter(SecurityContextPersistenceFilter.java:82)
	at org.springframework.security.web.FilterChainProxy$VirtualFilterChain.doFilter(FilterChainProxy.java:346)
	at org.springframework.security.web.context.request.async.WebAsyncManagerIntegrationFilter.doFilterInternal(WebAsyncManagerIntegrationFilter.java:55)
	at org.springframework.web.filter.OncePerRequestFilter.doFilter(OncePerRequestFilter.java:117)
	at org.springframework.security.web.FilterChainProxy$VirtualFilterChain.doFilter(FilterChainProxy.java:346)
	at org.springframework.security.web.session.DisableEncodeUrlFilter.doFilterInternal(DisableEncodeUrlFilter.java:42)
	at org.springframework.web.filter.OncePerRequestFilter.doFilter(OncePerRequestFilter.java:117)
	at org.springframework.security.web.FilterChainProxy$VirtualFilterChain.doFilter(FilterChainProxy.java:346)
	at org.springframework.security.web.FilterChainProxy.doFilterInternal(FilterChainProxy.java:221)
	at org.springframework.security.web.FilterChainProxy.doFilter(FilterChainProxy.java:186)
	at org.springframework.web.filter.DelegatingFilterProxy.invokeDelegate(DelegatingFilterProxy.java:354)
	at org.springframework.web.filter.DelegatingFilterProxy.doFilter(DelegatingFilterProxy.java:267)
	at org.apache.catalina.core.ApplicationFilterChain.internalDoFilter(ApplicationFilterChain.java:178)
	at org.apache.catalina.core.ApplicationFilterChain.doFilter(ApplicationFilterChain.java:153)
	at org.springframework.web.filter.RequestContextFilter.doFilterInternal(RequestContextFilter.java:100)
	at org.springframework.web.filter.OncePerRequestFilter.doFilter(OncePerRequestFilter.java:117)
	at org.apache.catalina.core.ApplicationFilterChain.internalDoFilter(ApplicationFilterChain.java:178)
	at org.apache.catalina.core.ApplicationFilterChain.doFilter(ApplicationFilterChain.java:153)
	at org.springframework.web.filter.FormContentFilter.doFilterInternal(FormContentFilter.java:93)
	at org.springframework.web.filter.OncePerRequestFilter.doFilter(OncePerRequestFilter.java:117)
	at org.apache.catalina.core.ApplicationFilterChain.internalDoFilter(ApplicationFilterChain.java:178)
	at org.apache.catalina.core.ApplicationFilterChain.doFilter(ApplicationFilterChain.java:153)
	at org.springframework.web.filter.CharacterEncodingFilter.doFilterInternal(CharacterEncodingFilter.java:201)
	at org.springframework.web.filter.OncePerRequestFilter.doFilter(OncePerRequestFilter.java:117)
	at org.apache.catalina.core.ApplicationFilterChain.internalDoFilter(ApplicationFilterChain.java:178)
	at org.apache.catalina.core.ApplicationFilterChain.doFilter(ApplicationFilterChain.java:153)
	at org.apache.catalina.core.StandardWrapperValve.invoke(StandardWrapperValve.java:168)
	at org.apache.catalina.core.StandardContextValve.invoke(StandardContextValve.java:90)
	at org.apache.catalina.authenticator.AuthenticatorBase.invoke(AuthenticatorBase.java:481)
	at org.apache.catalina.core.StandardHostValve.invoke(StandardHostValve.java:130)
	at org.apache.catalina.valves.ErrorReportValve.invoke(ErrorReportValve.java:93)
	at org.apache.catalina.core.StandardEngineValve.invoke(StandardEngineValve.java:74)
	at org.apache.catalina.connector.CoyoteAdapter.service(CoyoteAdapter.java:343)
	at org.apache.coyote.http11.Http11Processor.service(Http11Processor.java:390)
	at org.apache.coyote.AbstractProcessorLight.process(AbstractProcessorLight.java:63)
	at org.apache.coyote.AbstractProtocol$ConnectionHandler.process(AbstractProtocol.java:926)
	at org.apache.tomcat.util.net.NioEndpoint$SocketProcessor.doRun(NioEndpoint.java:1790)
	at org.apache.tomcat.util.net.SocketProcessorBase.run(SocketProcessorBase.java:52)
	at org.apache.tomcat.util.threads.ThreadPoolExecutor.runWorker(ThreadPoolExecutor.java:1191)
	at org.apache.tomcat.util.threads.ThreadPoolExecutor$Worker.run(ThreadPoolExecutor.java:659)
	at org.apache.tomcat.util.threads.TaskThread$WrappingRunnable.run(TaskThread.java:61)
	at java.base/java.lang.Thread.run(Thread.java:1447)
Caused by: com.mongodb.MongoWriteException: Write operation error on server test-twitter-clone-shard-00-01.axgdt.mongodb.net:27017. Write error: WriteError{code=11000, message='E11000 duplicate key error collection: journaldb.users index: userName dup key: { userName: "ram" }', details={}}.
	at com.mongodb.client.internal.MongoCollectionImpl.executeSingleWriteRequest(MongoCollectionImpl.java:1018)
	at com.mongodb.client.internal.MongoCollectionImpl.executeInsertOne(MongoCollectionImpl.java:471)
	at com.mongodb.client.internal.MongoCollectionImpl.insertOne(MongoCollectionImpl.java:454)
	at com.mongodb.client.internal.MongoCollectionImpl.insertOne(MongoCollectionImpl.java:448)
	at org.springframework.data.mongodb.core.MongoTemplate.lambda$insertDocument$15(MongoTemplate.java:1536)
	at org.springframework.data.mongodb.core.MongoTemplate.execute(MongoTemplate.java:579)
	... 122 common frames omitted
12:55:59.272 [File Watcher] INFO  o.s.b.d.a.LocalDevToolsAutoConfiguration$RestartingClassPathChangeChangedEventListener - Restarting due to 1 class path change (0 additions, 0 deletions, 1 modification)
12:55:59.283 [Thread-4] INFO  o.a.coyote.http11.Http11NioProtocol - Pausing ProtocolHandler ["http-nio-8080"]
12:55:59.284 [Thread-4] INFO  o.a.catalina.core.StandardService - Stopping service [Tomcat]
12:55:59.285 [Thread-4] INFO  o.a.c.c.C.[Tomcat].[localhost].[/] - Destroying Spring FrameworkServlet 'dispatcherServlet'
12:55:59.290 [Thread-4] INFO  o.a.coyote.http11.Http11NioProtocol - Stopping ProtocolHandler ["http-nio-8080"]
12:55:59.294 [Thread-4] INFO  o.a.coyote.http11.Http11NioProtocol - Destroying ProtocolHandler ["http-nio-8080"]
25-09-19 12:55:59.527 [restartedMain] INFO  n.e.journalApp.JournalApplication - Starting JournalApplication using Java 24.0.2 on Krushna with PID 10928 (D:\spring\journalApp\journalApp\target\classes started by Admin in D:\spring\journalApp)
25-09-19 12:55:59.529 [restartedMain] DEBUG n.e.journalApp.JournalApplication - Running with Spring Boot v2.7.16, Spring v5.3.30
25-09-19 12:55:59.529 [restartedMain] INFO  n.e.journalApp.JournalApplication - The following 1 profile is active: "dev"
25-09-19 12:55:59.866 [restartedMain] INFO  o.s.d.r.c.RepositoryConfigurationDelegate - Bootstrapping Spring Data MongoDB repositories in DEFAULT mode.
25-09-19 12:55:59.887 [restartedMain] INFO  o.s.d.r.c.RepositoryConfigurationDelegate - Finished Spring Data repository scanning in 20 ms. Found 2 MongoDB repository interfaces.
25-09-19 12:56:00.054 [restartedMain] INFO  o.s.b.w.e.tomcat.TomcatWebServer - Tomcat initialized with port(s): 8080 (http)
25-09-19 12:56:00.056 [restartedMain] INFO  o.a.coyote.http11.Http11NioProtocol - Initializing ProtocolHandler ["http-nio-8080"]
25-09-19 12:56:00.057 [restartedMain] INFO  o.a.catalina.core.StandardService - Starting service [Tomcat]
25-09-19 12:56:00.058 [restartedMain] INFO  o.a.catalina.core.StandardEngine - Starting Servlet engine: [Apache Tomcat/9.0.80]
25-09-19 12:56:00.105 [restartedMain] INFO  o.a.c.c.C.[Tomcat].[localhost].[/] - Initializing Spring embedded WebApplicationContext
25-09-19 12:56:00.106 [restartedMain] INFO  o.s.b.w.s.c.ServletWebServerApplicationContext - Root WebApplicationContext: initialization completed in 572 ms
25-09-19 12:56:00.234 [restartedMain] INFO  org.mongodb.driver.client - MongoClient with metadata {"driver": {"name": "mongo-java-driver|sync|spring-boot", "version": "4.6.1"}, "os": {"type": "Windows", "name": "Windows 11", "architecture": "amd64", "version": "10.0"}, "platform": "Java/Oracle Corporation/24.0.2+12-54", "application": {"name": "test-twitter-clone"}} created with settings MongoClientSettings{readPreference=primary, writeConcern=WriteConcern{w=majority, wTimeout=null ms, journal=null}, retryWrites=true, retryReads=true, readConcern=ReadConcern{level=null}, credential=MongoCredential{mechanism=null, userName='varshaharde88', source='admin', password=<hidden>, mechanismProperties=<hidden>}, streamFactoryFactory=null, commandListeners=[], codecRegistry=ProvidersCodecRegistry{codecProviders=[ValueCodecProvider{}, BsonValueCodecProvider{}, DBRefCodecProvider{}, DBObjectCodecProvider{}, DocumentCodecProvider{}, IterableCodecProvider{}, MapCodecProvider{}, GeoJsonCodecProvider{}, GridFSFileCodecProvider{}, Jsr310CodecProvider{}, JsonObjectCodecProvider{}, BsonCodecProvider{}, EnumCodecProvider{}, com.mongodb.Jep395RecordCodecProvider@567b3dd6]}, clusterSettings={hosts=[127.0.0.1:27017], srvHost=test-twitter-clone.axgdt.mongodb.net, srvServiceName=mongodb, mode=MULTIPLE, requiredClusterType=REPLICA_SET, requiredReplicaSetName='atlas-ztghgj-shard-0', serverSelector='null', clusterListeners='[]', serverSelectionTimeout='30000 ms', localThreshold='30000 ms'}, socketSettings=SocketSettings{connectTimeoutMS=10000, readTimeoutMS=0, receiveBufferSize=0, sendBufferSize=0}, heartbeatSocketSettings=SocketSettings{connectTimeoutMS=10000, readTimeoutMS=10000, receiveBufferSize=0, sendBufferSize=0}, connectionPoolSettings=ConnectionPoolSettings{maxSize=100, minSize=0, maxWaitTimeMS=120000, maxConnectionLifeTimeMS=0, maxConnectionIdleTimeMS=0, maintenanceInitialDelayMS=0, maintenanceFrequencyMS=60000, connectionPoolListeners=[], maxConnecting=2}, serverSettings=ServerSettings{heartbeatFrequencyMS=10000, minHeartbeatFrequencyMS=500, serverListeners='[]', serverMonitorListeners='[]'}, sslSettings=SslSettings{enabled=true, invalidHostNameAllowed=false, context=null}, applicationName='test-twitter-clone', compressorList=[], uuidRepresentation=JAVA_LEGACY, serverApi=null, autoEncryptionSettings=null, contextProvider=null}
25-09-19 12:56:00.252 [cluster-ClusterId{value='68cd05885103c8688c2752e9', description='null'}-srv-test-twitter-clone.axgdt.mongodb.net] INFO  org.mongodb.driver.cluster - Adding discovered server test-twitter-clone-shard-00-02.axgdt.mongodb.net:27017 to client view of cluster
25-09-19 12:56:00.254 [cluster-ClusterId{value='68cd05885103c8688c2752e9', description='null'}-srv-test-twitter-clone.axgdt.mongodb.net] INFO  org.mongodb.driver.cluster - Adding discovered server test-twitter-clone-shard-00-01.axgdt.mongodb.net:27017 to client view of cluster
25-09-19 12:56:00.257 [cluster-ClusterId{value='68cd05885103c8688c2752e9', description='null'}-srv-test-twitter-clone.axgdt.mongodb.net] INFO  org.mongodb.driver.cluster - Adding discovered server test-twitter-clone-shard-00-00.axgdt.mongodb.net:27017 to client view of cluster
25-09-19 12:56:00.257 [restartedMain] INFO  o.s.b.d.a.OptionalLiveReloadServer - LiveReload server is running on port 35729
25-09-19 12:56:00.281 [restartedMain] INFO  org.mongodb.driver.cluster - No server chosen by com.mongodb.client.internal.MongoClientDelegate$1@6129ebd5 from cluster description ClusterDescription{type=REPLICA_SET, connectionMode=MULTIPLE, serverDescriptions=[ServerDescription{address=test-twitter-clone-shard-00-01.axgdt.mongodb.net:27017, type=UNKNOWN, state=CONNECTING}, ServerDescription{address=test-twitter-clone-shard-00-00.axgdt.mongodb.net:27017, type=UNKNOWN, state=CONNECTING}, ServerDescription{address=test-twitter-clone-shard-00-02.axgdt.mongodb.net:27017, type=UNKNOWN, state=CONNECTING}]}. Waiting for 30000 ms before timing out
25-09-19 12:56:00.469 [cluster-rtt-ClusterId{value='68cd05885103c8688c2752e9', description='null'}-test-twitter-clone-shard-00-01.axgdt.mongodb.net:27017] INFO  org.mongodb.driver.connection - Opened connection [connectionId{localValue:11, serverValue:136725}] to test-twitter-clone-shard-00-01.axgdt.mongodb.net:27017
25-09-19 12:56:00.469 [cluster-ClusterId{value='68cd05885103c8688c2752e9', description='null'}-test-twitter-clone-shard-00-01.axgdt.mongodb.net:27017] INFO  org.mongodb.driver.connection - Opened connection [connectionId{localValue:10, serverValue:136725}] to test-twitter-clone-shard-00-01.axgdt.mongodb.net:27017
25-09-19 12:56:00.470 [cluster-ClusterId{value='68cd05885103c8688c2752e9', description='null'}-test-twitter-clone-shard-00-01.axgdt.mongodb.net:27017] INFO  org.mongodb.driver.cluster - Monitor thread successfully connected to server with description ServerDescription{address=test-twitter-clone-shard-00-01.axgdt.mongodb.net:27017, type=REPLICA_SET_PRIMARY, state=CONNECTED, ok=true, minWireVersion=0, maxWireVersion=25, maxDocumentSize=16777216, logicalSessionTimeoutMinutes=30, roundTripTimeNanos=42550200, setName='atlas-ztghgj-shard-0', canonicalAddress=test-twitter-clone-shard-00-01.axgdt.mongodb.net:27017, hosts=[test-twitter-clone-shard-00-01.axgdt.mongodb.net:27017, test-twitter-clone-shard-00-02.axgdt.mongodb.net:27017, test-twitter-clone-shard-00-00.axgdt.mongodb.net:27017], passives=[], arbiters=[], primary='test-twitter-clone-shard-00-01.axgdt.mongodb.net:27017', tagSet=TagSet{[Tag{name='availabilityZone', value='aps1-az3'}, Tag{name='diskState', value='READY'}, Tag{name='nodeType', value='ELECTABLE'}, Tag{name='provider', value='AWS'}, Tag{name='region', value='AP_SOUTH_1'}, Tag{name='workloadType', value='OPERATIONAL'}]}, electionId=7fffffff0000000000000027, setVersion=1, topologyVersion=TopologyVersion{processId=68c56fd6304bda3d7d9a0d8b, counter=6}, lastWriteDate=Fri Sep 19 12:55:56 IST 2025, lastUpdateTimeNanos=5404215615900}
25-09-19 12:56:00.471 [cluster-ClusterId{value='68cd05885103c8688c2752e9', description='null'}-test-twitter-clone-shard-00-01.axgdt.mongodb.net:27017] INFO  org.mongodb.driver.cluster - Setting max election id to 7fffffff0000000000000027 from replica set primary test-twitter-clone-shard-00-01.axgdt.mongodb.net:27017
25-09-19 12:56:00.472 [cluster-ClusterId{value='68cd05885103c8688c2752e9', description='null'}-test-twitter-clone-shard-00-01.axgdt.mongodb.net:27017] INFO  org.mongodb.driver.cluster - Setting max set version to 1 from replica set primary test-twitter-clone-shard-00-01.axgdt.mongodb.net:27017
25-09-19 12:56:00.472 [cluster-ClusterId{value='68cd05885103c8688c2752e9', description='null'}-test-twitter-clone-shard-00-01.axgdt.mongodb.net:27017] INFO  org.mongodb.driver.cluster - Discovered replica set primary test-twitter-clone-shard-00-01.axgdt.mongodb.net:27017
25-09-19 12:56:00.535 [restartedMain] INFO  org.mongodb.driver.connection - Opened connection [connectionId{localValue:14, serverValue:136724}] to test-twitter-clone-shard-00-01.axgdt.mongodb.net:27017
25-09-19 12:56:00.603 [cluster-ClusterId{value='68cd05885103c8688c2752e9', description='null'}-test-twitter-clone-shard-00-00.axgdt.mongodb.net:27017] INFO  org.mongodb.driver.connection - Opened connection [connectionId{localValue:12, serverValue:128495}] to test-twitter-clone-shard-00-00.axgdt.mongodb.net:27017
25-09-19 12:56:00.604 [cluster-ClusterId{value='68cd05885103c8688c2752e9', description='null'}-test-twitter-clone-shard-00-00.axgdt.mongodb.net:27017] INFO  org.mongodb.driver.cluster - Monitor thread successfully connected to server with description ServerDescription{address=test-twitter-clone-shard-00-00.axgdt.mongodb.net:27017, type=REPLICA_SET_SECONDARY, state=CONNECTED, ok=true, minWireVersion=0, maxWireVersion=25, maxDocumentSize=16777216, logicalSessionTimeoutMinutes=30, roundTripTimeNanos=37975100, setName='atlas-ztghgj-shard-0', canonicalAddress=test-twitter-clone-shard-00-00.axgdt.mongodb.net:27017, hosts=[test-twitter-clone-shard-00-01.axgdt.mongodb.net:27017, test-twitter-clone-shard-00-02.axgdt.mongodb.net:27017, test-twitter-clone-shard-00-00.axgdt.mongodb.net:27017], passives=[], arbiters=[], primary='test-twitter-clone-shard-00-01.axgdt.mongodb.net:27017', tagSet=TagSet{[Tag{name='availabilityZone', value='aps1-az1'}, Tag{name='diskState', value='READY'}, Tag{name='nodeType', value='ELECTABLE'}, Tag{name='provider', value='AWS'}, Tag{name='region', value='AP_SOUTH_1'}, Tag{name='workloadType', value='OPERATIONAL'}]}, electionId=null, setVersion=1, topologyVersion=TopologyVersion{processId=68c56da73719497883923d5e, counter=4}, lastWriteDate=Fri Sep 19 12:55:56 IST 2025, lastUpdateTimeNanos=5404349390600}
25-09-19 12:56:00.627 [cluster-rtt-ClusterId{value='68cd05885103c8688c2752e9', description='null'}-test-twitter-clone-shard-00-00.axgdt.mongodb.net:27017] INFO  org.mongodb.driver.connection - Opened connection [connectionId{localValue:13, serverValue:128492}] to test-twitter-clone-shard-00-00.axgdt.mongodb.net:27017
25-09-19 12:56:00.669 [restartedMain] INFO  o.s.s.web.DefaultSecurityFilterChain - Will secure any request with [org.springframework.security.web.session.DisableEncodeUrlFilter@790a3386, org.springframework.security.web.context.request.async.WebAsyncManagerIntegrationFilter@1f7ecab0, org.springframework.security.web.context.SecurityContextPersistenceFilter@33c75826, org.springframework.security.web.header.HeaderWriterFilter@2104f81a, org.springframework.security.web.authentication.logout.LogoutFilter@63a623cf, org.springframework.security.web.authentication.www.BasicAuthenticationFilter@6c5098a8, org.springframework.security.web.savedrequest.RequestCacheAwareFilter@b22b90, org.springframework.security.web.servletapi.SecurityContextHolderAwareRequestFilter@6f0d7b4, org.springframework.security.web.authentication.AnonymousAuthenticationFilter@23ab3e9d, org.springframework.security.web.session.SessionManagementFilter@4625421c, org.springframework.security.web.access.ExceptionTranslationFilter@591d5b7d, org.springframework.security.web.access.intercept.FilterSecurityInterceptor@631bee4c]
25-09-19 12:56:00.841 [restartedMain] INFO  o.a.coyote.http11.Http11NioProtocol - Starting ProtocolHandler ["http-nio-8080"]
25-09-19 12:56:00.851 [restartedMain] INFO  o.s.b.w.e.tomcat.TomcatWebServer - Tomcat started on port(s): 8080 (http) with context path ''
25-09-19 12:56:00.856 [restartedMain] INFO  n.e.journalApp.JournalApplication - Started JournalApplication in 1.417 seconds (JVM running for 465.597)
25-09-19 12:56:00.863 [restartedMain] INFO  o.s.b.d.a.ConditionEvaluationDeltaLoggingListener - Condition evaluation unchanged
25-09-19 12:56:02.434 [cluster-ClusterId{value='68cd05885103c8688c2752e9', description='null'}-test-twitter-clone-shard-00-02.axgdt.mongodb.net:27017] INFO  org.mongodb.driver.connection - Opened connection [connectionId{localValue:8, serverValue:123595}] to test-twitter-clone-shard-00-02.axgdt.mongodb.net:27017
25-09-19 12:56:02.435 [cluster-ClusterId{value='68cd05885103c8688c2752e9', description='null'}-test-twitter-clone-shard-00-02.axgdt.mongodb.net:27017] INFO  org.mongodb.driver.cluster - Monitor thread successfully connected to server with description ServerDescription{address=test-twitter-clone-shard-00-02.axgdt.mongodb.net:27017, type=REPLICA_SET_SECONDARY, state=CONNECTED, ok=true, minWireVersion=0, maxWireVersion=25, maxDocumentSize=16777216, logicalSessionTimeoutMinutes=30, roundTripTimeNanos=28693600, setName='atlas-ztghgj-shard-0', canonicalAddress=test-twitter-clone-shard-00-02.axgdt.mongodb.net:27017, hosts=[test-twitter-clone-shard-00-01.axgdt.mongodb.net:27017, test-twitter-clone-shard-00-02.axgdt.mongodb.net:27017, test-twitter-clone-shard-00-00.axgdt.mongodb.net:27017], passives=[], arbiters=[], primary='test-twitter-clone-shard-00-01.axgdt.mongodb.net:27017', tagSet=TagSet{[Tag{name='availabilityZone', value='aps1-az2'}, Tag{name='diskState', value='READY'}, Tag{name='nodeType', value='ELECTABLE'}, Tag{name='provider', value='AWS'}, Tag{name='region', value='AP_SOUTH_1'}, Tag{name='workloadType', value='OPERATIONAL'}]}, electionId=null, setVersion=1, topologyVersion=TopologyVersion{processId=68c573214340327af8925781, counter=3}, lastWriteDate=Fri Sep 19 12:55:58 IST 2025, lastUpdateTimeNanos=5406179706600}
25-09-19 12:56:02.438 [cluster-rtt-ClusterId{value='68cd05885103c8688c2752e9', description='null'}-test-twitter-clone-shard-00-02.axgdt.mongodb.net:27017] INFO  org.mongodb.driver.connection - Opened connection [connectionId{localValue:9, serverValue:123599}] to test-twitter-clone-shard-00-02.axgdt.mongodb.net:27017
25-09-19 14:14:11.929 [cluster-ClusterId{value='68cd05885103c8688c2752e9', description='null'}-test-twitter-clone-shard-00-00.axgdt.mongodb.net:27017] INFO  org.mongodb.driver.cluster - Exception in monitor thread while connecting to server test-twitter-clone-shard-00-00.axgdt.mongodb.net:27017
com.mongodb.MongoSocketReadException: Exception receiving message
	at com.mongodb.internal.connection.InternalStreamConnection.translateReadException(InternalStreamConnection.java:702)
	at com.mongodb.internal.connection.InternalStreamConnection.receiveMessageWithAdditionalTimeout(InternalStreamConnection.java:574)
	at com.mongodb.internal.connection.InternalStreamConnection.receiveCommandMessageResponse(InternalStreamConnection.java:410)
	at com.mongodb.internal.connection.InternalStreamConnection.receive(InternalStreamConnection.java:369)
	at com.mongodb.internal.connection.DefaultServerMonitor$ServerMonitorRunnable.lookupServerDescription(DefaultServerMonitor.java:221)
	at com.mongodb.internal.connection.DefaultServerMonitor$ServerMonitorRunnable.run(DefaultServerMonitor.java:157)
	at java.base/java.lang.Thread.run(Thread.java:1447)
Caused by: java.net.SocketException: Socket is closed
	at java.base/java.net.Socket.setSoTimeout(Socket.java:1287)
	at java.base/sun.security.ssl.BaseSSLSocketImpl.setSoTimeout(BaseSSLSocketImpl.java:614)
	at java.base/sun.security.ssl.SSLSocketImpl.setSoTimeout(SSLSocketImpl.java:74)
	at com.mongodb.internal.connection.SocketStream.read(SocketStream.java:137)
	at com.mongodb.internal.connection.InternalStreamConnection.receiveResponseBuffers(InternalStreamConnection.java:713)
	at com.mongodb.internal.connection.InternalStreamConnection.receiveMessageWithAdditionalTimeout(InternalStreamConnection.java:571)
	... 5 common frames omitted
25-09-19 14:14:12.066 [cluster-ClusterId{value='68cd05885103c8688c2752e9', description='null'}-test-twitter-clone-shard-00-01.axgdt.mongodb.net:27017] INFO  org.mongodb.driver.cluster - Exception in monitor thread while connecting to server test-twitter-clone-shard-00-01.axgdt.mongodb.net:27017
com.mongodb.MongoSocketReadException: Exception receiving message
	at com.mongodb.internal.connection.InternalStreamConnection.translateReadException(InternalStreamConnection.java:702)
	at com.mongodb.internal.connection.InternalStreamConnection.receiveMessageWithAdditionalTimeout(InternalStreamConnection.java:574)
	at com.mongodb.internal.connection.InternalStreamConnection.receiveCommandMessageResponse(InternalStreamConnection.java:410)
	at com.mongodb.internal.connection.InternalStreamConnection.receive(InternalStreamConnection.java:369)
	at com.mongodb.internal.connection.DefaultServerMonitor$ServerMonitorRunnable.lookupServerDescription(DefaultServerMonitor.java:221)
	at com.mongodb.internal.connection.DefaultServerMonitor$ServerMonitorRunnable.run(DefaultServerMonitor.java:157)
	at java.base/java.lang.Thread.run(Thread.java:1447)
Caused by: java.net.SocketException: Socket is closed
	at java.base/java.net.Socket.setSoTimeout(Socket.java:1287)
	at java.base/sun.security.ssl.BaseSSLSocketImpl.setSoTimeout(BaseSSLSocketImpl.java:614)
	at java.base/sun.security.ssl.SSLSocketImpl.setSoTimeout(SSLSocketImpl.java:74)
	at com.mongodb.internal.connection.SocketStream.read(SocketStream.java:137)
	at com.mongodb.internal.connection.InternalStreamConnection.receiveResponseBuffers(InternalStreamConnection.java:713)
	at com.mongodb.internal.connection.InternalStreamConnection.receiveMessageWithAdditionalTimeout(InternalStreamConnection.java:571)
	... 5 common frames omitted
25-09-19 14:14:12.207 [cluster-ClusterId{value='68cd05885103c8688c2752e9', description='null'}-test-twitter-clone-shard-00-01.axgdt.mongodb.net:27017] INFO  org.mongodb.driver.cluster - Exception in monitor thread while connecting to server test-twitter-clone-shard-00-01.axgdt.mongodb.net:27017
com.mongodb.MongoSocketException: No such host is known (test-twitter-clone-shard-00-01.axgdt.mongodb.net)
	at com.mongodb.ServerAddress.getSocketAddresses(ServerAddress.java:217)
	at com.mongodb.internal.connection.SocketStream.initializeSocket(SocketStream.java:75)
	at com.mongodb.internal.connection.SocketStream.open(SocketStream.java:65)
	at com.mongodb.internal.connection.InternalStreamConnection.open(InternalStreamConnection.java:180)
	at com.mongodb.internal.connection.DefaultServerMonitor$ServerMonitorRunnable.lookupServerDescription(DefaultServerMonitor.java:193)
	at com.mongodb.internal.connection.DefaultServerMonitor$ServerMonitorRunnable.run(DefaultServerMonitor.java:157)
	at java.base/java.lang.Thread.run(Thread.java:1447)
Caused by: java.net.UnknownHostException: No such host is known (test-twitter-clone-shard-00-01.axgdt.mongodb.net)
	at java.base/java.net.Inet6AddressImpl.lookupAllHostAddr(Native Method)
	at java.base/java.net.Inet6AddressImpl.lookupAllHostAddr(Inet6AddressImpl.java:52)
	at java.base/java.net.InetAddress$PlatformResolver.lookupByName(InetAddress.java:1128)
	at java.base/java.net.InetAddress.getAddressesFromNameService(InetAddress.java:1697)
	at java.base/java.net.InetAddress$NameServiceAddresses.get(InetAddress.java:1056)
	at java.base/java.net.InetAddress.getAllByName0(InetAddress.java:1687)
	at java.base/java.net.InetAddress.getAllByName(InetAddress.java:1568)
	at com.mongodb.ServerAddress.getSocketAddresses(ServerAddress.java:209)
	... 6 common frames omitted
25-09-19 14:14:12.207 [cluster-ClusterId{value='68cd05885103c8688c2752e9', description='null'}-test-twitter-clone-shard-00-00.axgdt.mongodb.net:27017] INFO  org.mongodb.driver.cluster - Exception in monitor thread while connecting to server test-twitter-clone-shard-00-00.axgdt.mongodb.net:27017
com.mongodb.MongoSocketException: No such host is known (test-twitter-clone-shard-00-00.axgdt.mongodb.net)
	at com.mongodb.ServerAddress.getSocketAddresses(ServerAddress.java:217)
	at com.mongodb.internal.connection.SocketStream.initializeSocket(SocketStream.java:75)
	at com.mongodb.internal.connection.SocketStream.open(SocketStream.java:65)
	at com.mongodb.internal.connection.InternalStreamConnection.open(InternalStreamConnection.java:180)
	at com.mongodb.internal.connection.DefaultServerMonitor$ServerMonitorRunnable.lookupServerDescription(DefaultServerMonitor.java:193)
	at com.mongodb.internal.connection.DefaultServerMonitor$ServerMonitorRunnable.run(DefaultServerMonitor.java:157)
	at java.base/java.lang.Thread.run(Thread.java:1447)
Caused by: java.net.UnknownHostException: No such host is known (test-twitter-clone-shard-00-00.axgdt.mongodb.net)
	at java.base/java.net.Inet6AddressImpl.lookupAllHostAddr(Native Method)
	at java.base/java.net.Inet6AddressImpl.lookupAllHostAddr(Inet6AddressImpl.java:52)
	at java.base/java.net.InetAddress$PlatformResolver.lookupByName(InetAddress.java:1128)
	at java.base/java.net.InetAddress.getAddressesFromNameService(InetAddress.java:1697)
	at java.base/java.net.InetAddress$NameServiceAddresses.get(InetAddress.java:1056)
	at java.base/java.net.InetAddress.getAllByName0(InetAddress.java:1687)
	at java.base/java.net.InetAddress.getAllByName(InetAddress.java:1568)
	at com.mongodb.ServerAddress.getSocketAddresses(ServerAddress.java:209)
	... 6 common frames omitted
25-09-19 14:14:12.221 [cluster-ClusterId{value='68cd05885103c8688c2752e9', description='null'}-test-twitter-clone-shard-00-02.axgdt.mongodb.net:27017] INFO  org.mongodb.driver.cluster - Exception in monitor thread while connecting to server test-twitter-clone-shard-00-02.axgdt.mongodb.net:27017
com.mongodb.MongoSocketReadException: Exception receiving message
	at com.mongodb.internal.connection.InternalStreamConnection.translateReadException(InternalStreamConnection.java:702)
	at com.mongodb.internal.connection.InternalStreamConnection.receiveMessageWithAdditionalTimeout(InternalStreamConnection.java:574)
	at com.mongodb.internal.connection.InternalStreamConnection.receiveCommandMessageResponse(InternalStreamConnection.java:410)
	at com.mongodb.internal.connection.InternalStreamConnection.receive(InternalStreamConnection.java:369)
	at com.mongodb.internal.connection.DefaultServerMonitor$ServerMonitorRunnable.lookupServerDescription(DefaultServerMonitor.java:221)
	at com.mongodb.internal.connection.DefaultServerMonitor$ServerMonitorRunnable.run(DefaultServerMonitor.java:157)
	at java.base/java.lang.Thread.run(Thread.java:1447)
Caused by: java.net.SocketException: Socket is closed
	at java.base/java.net.Socket.setSoTimeout(Socket.java:1287)
	at java.base/sun.security.ssl.BaseSSLSocketImpl.setSoTimeout(BaseSSLSocketImpl.java:614)
	at java.base/sun.security.ssl.SSLSocketImpl.setSoTimeout(SSLSocketImpl.java:74)
	at com.mongodb.internal.connection.SocketStream.read(SocketStream.java:137)
	at com.mongodb.internal.connection.InternalStreamConnection.receiveResponseBuffers(InternalStreamConnection.java:713)
	at com.mongodb.internal.connection.InternalStreamConnection.receiveMessageWithAdditionalTimeout(InternalStreamConnection.java:571)
	... 5 common frames omitted
25-09-19 14:14:12.277 [cluster-ClusterId{value='68cd05885103c8688c2752e9', description='null'}-test-twitter-clone-shard-00-02.axgdt.mongodb.net:27017] INFO  org.mongodb.driver.cluster - Exception in monitor thread while connecting to server test-twitter-clone-shard-00-02.axgdt.mongodb.net:27017
com.mongodb.MongoSocketException: No such host is known (test-twitter-clone-shard-00-02.axgdt.mongodb.net)
	at com.mongodb.ServerAddress.getSocketAddresses(ServerAddress.java:217)
	at com.mongodb.internal.connection.SocketStream.initializeSocket(SocketStream.java:75)
	at com.mongodb.internal.connection.SocketStream.open(SocketStream.java:65)
	at com.mongodb.internal.connection.InternalStreamConnection.open(InternalStreamConnection.java:180)
	at com.mongodb.internal.connection.DefaultServerMonitor$ServerMonitorRunnable.lookupServerDescription(DefaultServerMonitor.java:193)
	at com.mongodb.internal.connection.DefaultServerMonitor$ServerMonitorRunnable.run(DefaultServerMonitor.java:157)
	at java.base/java.lang.Thread.run(Thread.java:1447)
Caused by: java.net.UnknownHostException: No such host is known (test-twitter-clone-shard-00-02.axgdt.mongodb.net)
	at java.base/java.net.Inet6AddressImpl.lookupAllHostAddr(Native Method)
	at java.base/java.net.Inet6AddressImpl.lookupAllHostAddr(Inet6AddressImpl.java:52)
	at java.base/java.net.InetAddress$PlatformResolver.lookupByName(InetAddress.java:1128)
	at java.base/java.net.InetAddress.getAddressesFromNameService(InetAddress.java:1697)
	at java.base/java.net.InetAddress$NameServiceAddresses.get(InetAddress.java:1056)
	at java.base/java.net.InetAddress.getAllByName0(InetAddress.java:1687)
	at java.base/java.net.InetAddress.getAllByName(InetAddress.java:1568)
	at com.mongodb.ServerAddress.getSocketAddresses(ServerAddress.java:209)
	... 6 common frames omitted
25-09-19 18:45:23.509 [cluster-ClusterId{value='68cd05885103c8688c2752e9', description='null'}-test-twitter-clone-shard-00-00.axgdt.mongodb.net:27017] INFO  org.mongodb.driver.connection - Opened connection [connectionId{localValue:19, serverValue:134754}] to test-twitter-clone-shard-00-00.axgdt.mongodb.net:27017
25-09-19 18:45:23.510 [cluster-ClusterId{value='68cd05885103c8688c2752e9', description='null'}-test-twitter-clone-shard-00-00.axgdt.mongodb.net:27017] INFO  org.mongodb.driver.cluster - Monitor thread successfully connected to server with description ServerDescription{address=test-twitter-clone-shard-00-00.axgdt.mongodb.net:27017, type=REPLICA_SET_SECONDARY, state=CONNECTED, ok=true, minWireVersion=0, maxWireVersion=25, maxDocumentSize=16777216, logicalSessionTimeoutMinutes=30, roundTripTimeNanos=82423400, setName='atlas-ztghgj-shard-0', canonicalAddress=test-twitter-clone-shard-00-00.axgdt.mongodb.net:27017, hosts=[test-twitter-clone-shard-00-01.axgdt.mongodb.net:27017, test-twitter-clone-shard-00-02.axgdt.mongodb.net:27017, test-twitter-clone-shard-00-00.axgdt.mongodb.net:27017], passives=[], arbiters=[], primary='test-twitter-clone-shard-00-01.axgdt.mongodb.net:27017', tagSet=TagSet{[Tag{name='availabilityZone', value='aps1-az1'}, Tag{name='diskState', value='READY'}, Tag{name='nodeType', value='ELECTABLE'}, Tag{name='provider', value='AWS'}, Tag{name='region', value='AP_SOUTH_1'}, Tag{name='workloadType', value='OPERATIONAL'}]}, electionId=null, setVersion=1, topologyVersion=TopologyVersion{processId=68c56da73719497883923d5e, counter=4}, lastWriteDate=Fri Sep 19 18:45:12 IST 2025, lastUpdateTimeNanos=26367254938200}
25-09-19 18:45:23.512 [cluster-ClusterId{value='68cd05885103c8688c2752e9', description='null'}-test-twitter-clone-shard-00-01.axgdt.mongodb.net:27017] INFO  org.mongodb.driver.connection - Opened connection [connectionId{localValue:18, serverValue:143643}] to test-twitter-clone-shard-00-01.axgdt.mongodb.net:27017
25-09-19 18:45:23.512 [cluster-rtt-ClusterId{value='68cd05885103c8688c2752e9', description='null'}-test-twitter-clone-shard-00-00.axgdt.mongodb.net:27017] INFO  org.mongodb.driver.connection - Opened connection [connectionId{localValue:20, serverValue:134754}] to test-twitter-clone-shard-00-00.axgdt.mongodb.net:27017
25-09-19 18:45:23.512 [cluster-ClusterId{value='68cd05885103c8688c2752e9', description='null'}-test-twitter-clone-shard-00-01.axgdt.mongodb.net:27017] INFO  org.mongodb.driver.cluster - Monitor thread successfully connected to server with description ServerDescription{address=test-twitter-clone-shard-00-01.axgdt.mongodb.net:27017, type=REPLICA_SET_PRIMARY, state=CONNECTED, ok=true, minWireVersion=0, maxWireVersion=25, maxDocumentSize=16777216, logicalSessionTimeoutMinutes=30, roundTripTimeNanos=86695400, setName='atlas-ztghgj-shard-0', canonicalAddress=test-twitter-clone-shard-00-01.axgdt.mongodb.net:27017, hosts=[test-twitter-clone-shard-00-01.axgdt.mongodb.net:27017, test-twitter-clone-shard-00-02.axgdt.mongodb.net:27017, test-twitter-clone-shard-00-00.axgdt.mongodb.net:27017], passives=[], arbiters=[], primary='test-twitter-clone-shard-00-01.axgdt.mongodb.net:27017', tagSet=TagSet{[Tag{name='availabilityZone', value='aps1-az3'}, Tag{name='diskState', value='READY'}, Tag{name='nodeType', value='ELECTABLE'}, Tag{name='provider', value='AWS'}, Tag{name='region', value='AP_SOUTH_1'}, Tag{name='workloadType', value='OPERATIONAL'}]}, electionId=7fffffff0000000000000027, setVersion=1, topologyVersion=TopologyVersion{processId=68c56fd6304bda3d7d9a0d8b, counter=6}, lastWriteDate=Fri Sep 19 18:45:12 IST 2025, lastUpdateTimeNanos=26367257797800}
25-09-19 18:45:23.512 [cluster-ClusterId{value='68cd05885103c8688c2752e9', description='null'}-test-twitter-clone-shard-00-01.axgdt.mongodb.net:27017] INFO  org.mongodb.driver.cluster - Discovered replica set primary test-twitter-clone-shard-00-01.axgdt.mongodb.net:27017
25-09-19 18:45:23.514 [cluster-ClusterId{value='68cd05885103c8688c2752e9', description='null'}-test-twitter-clone-shard-00-02.axgdt.mongodb.net:27017] INFO  org.mongodb.driver.connection - Opened connection [connectionId{localValue:21, serverValue:129820}] to test-twitter-clone-shard-00-02.axgdt.mongodb.net:27017
25-09-19 18:45:23.514 [cluster-ClusterId{value='68cd05885103c8688c2752e9', description='null'}-test-twitter-clone-shard-00-02.axgdt.mongodb.net:27017] INFO  org.mongodb.driver.cluster - Monitor thread successfully connected to server with description ServerDescription{address=test-twitter-clone-shard-00-02.axgdt.mongodb.net:27017, type=REPLICA_SET_SECONDARY, state=CONNECTED, ok=true, minWireVersion=0, maxWireVersion=25, maxDocumentSize=16777216, logicalSessionTimeoutMinutes=30, roundTripTimeNanos=89073200, setName='atlas-ztghgj-shard-0', canonicalAddress=test-twitter-clone-shard-00-02.axgdt.mongodb.net:27017, hosts=[test-twitter-clone-shard-00-01.axgdt.mongodb.net:27017, test-twitter-clone-shard-00-02.axgdt.mongodb.net:27017, test-twitter-clone-shard-00-00.axgdt.mongodb.net:27017], passives=[], arbiters=[], primary='test-twitter-clone-shard-00-01.axgdt.mongodb.net:27017', tagSet=TagSet{[Tag{name='availabilityZone', value='aps1-az2'}, Tag{name='diskState', value='READY'}, Tag{name='nodeType', value='ELECTABLE'}, Tag{name='provider', value='AWS'}, Tag{name='region', value='AP_SOUTH_1'}, Tag{name='workloadType', value='OPERATIONAL'}]}, electionId=null, setVersion=1, topologyVersion=TopologyVersion{processId=68c573214340327af8925781, counter=3}, lastWriteDate=Fri Sep 19 18:45:12 IST 2025, lastUpdateTimeNanos=26367260490000}
25-09-19 18:45:25.934 [cluster-rtt-ClusterId{value='68cd05885103c8688c2752e9', description='null'}-test-twitter-clone-shard-00-02.axgdt.mongodb.net:27017] INFO  org.mongodb.driver.connection - Opened connection [connectionId{localValue:22, serverValue:129828}] to test-twitter-clone-shard-00-02.axgdt.mongodb.net:27017
25-09-19 18:45:31.684 [cluster-rtt-ClusterId{value='68cd05885103c8688c2752e9', description='null'}-test-twitter-clone-shard-00-01.axgdt.mongodb.net:27017] INFO  org.mongodb.driver.connection - Opened connection [connectionId{localValue:23, serverValue:143651}] to test-twitter-clone-shard-00-01.axgdt.mongodb.net:27017
25-09-19 18:52:59.610 [SpringApplicationShutdownHook] INFO  org.mongodb.driver.connection - Opened connection [connectionId{localValue:24, serverValue:143734}] to test-twitter-clone-shard-00-01.axgdt.mongodb.net:27017
25-09-19 21:00:28.055 [restartedMain] INFO  n.e.journalApp.JournalApplication - Starting JournalApplication using Java 24.0.2 on Krushna with PID 13268 (D:\spring\journalApp\journalApp\target\classes started by Admin in D:\spring\journalApp)
25-09-19 21:00:28.072 [restartedMain] DEBUG n.e.journalApp.JournalApplication - Running with Spring Boot v2.7.16, Spring v5.3.30
25-09-19 21:00:28.073 [restartedMain] INFO  n.e.journalApp.JournalApplication - The following 1 profile is active: "dev"
25-09-19 21:00:28.200 [restartedMain] INFO  o.s.b.d.e.DevToolsPropertyDefaultsPostProcessor - Devtools property defaults active! Set 'spring.devtools.add-properties' to 'false' to disable
25-09-19 21:00:28.200 [restartedMain] INFO  o.s.b.d.e.DevToolsPropertyDefaultsPostProcessor - For additional web related logging consider setting the 'logging.level.web' property to 'DEBUG'
25-09-19 21:00:29.521 [restartedMain] INFO  o.s.d.r.c.RepositoryConfigurationDelegate - Bootstrapping Spring Data MongoDB repositories in DEFAULT mode.
25-09-19 21:00:29.659 [restartedMain] INFO  o.s.d.r.c.RepositoryConfigurationDelegate - Finished Spring Data repository scanning in 130 ms. Found 2 MongoDB repository interfaces.
25-09-19 21:00:30.924 [restartedMain] INFO  o.s.b.w.e.tomcat.TomcatWebServer - Tomcat initialized with port(s): 8080 (http)
25-09-19 21:00:30.948 [restartedMain] INFO  o.a.coyote.http11.Http11NioProtocol - Initializing ProtocolHandler ["http-nio-8080"]
25-09-19 21:00:30.954 [restartedMain] INFO  o.a.catalina.core.StandardService - Starting service [Tomcat]
25-09-19 21:00:30.954 [restartedMain] INFO  o.a.catalina.core.StandardEngine - Starting Servlet engine: [Apache Tomcat/9.0.80]
25-09-19 21:00:31.076 [restartedMain] INFO  o.a.c.c.C.[Tomcat].[localhost].[/] - Initializing Spring embedded WebApplicationContext
25-09-19 21:00:31.076 [restartedMain] INFO  o.s.b.w.s.c.ServletWebServerApplicationContext - Root WebApplicationContext: initialization completed in 2875 ms
25-09-19 21:00:31.640 [cluster-ClusterId{value='68cd77175307eb239ac6861e', description='null'}-srv-test-twitter-clone.axgdt.mongodb.net] INFO  org.mongodb.driver.cluster - Adding discovered server test-twitter-clone-shard-00-02.axgdt.mongodb.net:27017 to client view of cluster
25-09-19 21:00:31.676 [restartedMain] INFO  org.mongodb.driver.client - MongoClient with metadata {"driver": {"name": "mongo-java-driver|sync|spring-boot", "version": "4.6.1"}, "os": {"type": "Windows", "name": "Windows 11", "architecture": "amd64", "version": "10.0"}, "platform": "Java/Oracle Corporation/24.0.2+12-54", "application": {"name": "test-twitter-clone"}} created with settings MongoClientSettings{readPreference=primary, writeConcern=WriteConcern{w=majority, wTimeout=null ms, journal=null}, retryWrites=true, retryReads=true, readConcern=ReadConcern{level=null}, credential=MongoCredential{mechanism=null, userName='varshaharde88', source='admin', password=<hidden>, mechanismProperties=<hidden>}, streamFactoryFactory=null, commandListeners=[], codecRegistry=ProvidersCodecRegistry{codecProviders=[ValueCodecProvider{}, BsonValueCodecProvider{}, DBRefCodecProvider{}, DBObjectCodecProvider{}, DocumentCodecProvider{}, IterableCodecProvider{}, MapCodecProvider{}, GeoJsonCodecProvider{}, GridFSFileCodecProvider{}, Jsr310CodecProvider{}, JsonObjectCodecProvider{}, BsonCodecProvider{}, EnumCodecProvider{}, com.mongodb.Jep395RecordCodecProvider@29a945e]}, clusterSettings={hosts=[127.0.0.1:27017], srvHost=test-twitter-clone.axgdt.mongodb.net, srvServiceName=mongodb, mode=MULTIPLE, requiredClusterType=REPLICA_SET, requiredReplicaSetName='atlas-ztghgj-shard-0', serverSelector='null', clusterListeners='[]', serverSelectionTimeout='30000 ms', localThreshold='30000 ms'}, socketSettings=SocketSettings{connectTimeoutMS=10000, readTimeoutMS=0, receiveBufferSize=0, sendBufferSize=0}, heartbeatSocketSettings=SocketSettings{connectTimeoutMS=10000, readTimeoutMS=10000, receiveBufferSize=0, sendBufferSize=0}, connectionPoolSettings=ConnectionPoolSettings{maxSize=100, minSize=0, maxWaitTimeMS=120000, maxConnectionLifeTimeMS=0, maxConnectionIdleTimeMS=0, maintenanceInitialDelayMS=0, maintenanceFrequencyMS=60000, connectionPoolListeners=[], maxConnecting=2}, serverSettings=ServerSettings{heartbeatFrequencyMS=10000, minHeartbeatFrequencyMS=500, serverListeners='[]', serverMonitorListeners='[]'}, sslSettings=SslSettings{enabled=true, invalidHostNameAllowed=false, context=null}, applicationName='test-twitter-clone', compressorList=[], uuidRepresentation=JAVA_LEGACY, serverApi=null, autoEncryptionSettings=null, contextProvider=null}
25-09-19 21:00:31.689 [cluster-ClusterId{value='68cd77175307eb239ac6861e', description='null'}-srv-test-twitter-clone.axgdt.mongodb.net] INFO  org.mongodb.driver.cluster - Adding discovered server test-twitter-clone-shard-00-01.axgdt.mongodb.net:27017 to client view of cluster
25-09-19 21:00:31.691 [cluster-ClusterId{value='68cd77175307eb239ac6861e', description='null'}-srv-test-twitter-clone.axgdt.mongodb.net] INFO  org.mongodb.driver.cluster - Adding discovered server test-twitter-clone-shard-00-00.axgdt.mongodb.net:27017 to client view of cluster
25-09-19 21:00:32.119 [restartedMain] INFO  o.s.b.d.a.OptionalLiveReloadServer - LiveReload server is running on port 35729
25-09-19 21:00:32.592 [restartedMain] INFO  org.mongodb.driver.cluster - No server chosen by com.mongodb.client.internal.MongoClientDelegate$1@40f055fe from cluster description ClusterDescription{type=REPLICA_SET, connectionMode=MULTIPLE, serverDescriptions=[ServerDescription{address=test-twitter-clone-shard-00-01.axgdt.mongodb.net:27017, type=UNKNOWN, state=CONNECTING}, ServerDescription{address=test-twitter-clone-shard-00-00.axgdt.mongodb.net:27017, type=UNKNOWN, state=CONNECTING}, ServerDescription{address=test-twitter-clone-shard-00-02.axgdt.mongodb.net:27017, type=UNKNOWN, state=CONNECTING}]}. Waiting for 30000 ms before timing out
25-09-19 21:00:32.707 [cluster-rtt-ClusterId{value='68cd77175307eb239ac6861e', description='null'}-test-twitter-clone-shard-00-01.axgdt.mongodb.net:27017] INFO  org.mongodb.driver.connection - Opened connection [connectionId{localValue:3, serverValue:145718}] to test-twitter-clone-shard-00-01.axgdt.mongodb.net:27017
25-09-19 21:00:32.707 [cluster-rtt-ClusterId{value='68cd77175307eb239ac6861e', description='null'}-test-twitter-clone-shard-00-02.axgdt.mongodb.net:27017] INFO  org.mongodb.driver.connection - Opened connection [connectionId{localValue:5, serverValue:131742}] to test-twitter-clone-shard-00-02.axgdt.mongodb.net:27017
25-09-19 21:00:32.707 [cluster-ClusterId{value='68cd77175307eb239ac6861e', description='null'}-test-twitter-clone-shard-00-00.axgdt.mongodb.net:27017] INFO  org.mongodb.driver.connection - Opened connection [connectionId{localValue:2, serverValue:136683}] to test-twitter-clone-shard-00-00.axgdt.mongodb.net:27017
25-09-19 21:00:32.707 [cluster-ClusterId{value='68cd77175307eb239ac6861e', description='null'}-test-twitter-clone-shard-00-02.axgdt.mongodb.net:27017] INFO  org.mongodb.driver.connection - Opened connection [connectionId{localValue:6, serverValue:131742}] to test-twitter-clone-shard-00-02.axgdt.mongodb.net:27017
25-09-19 21:00:32.707 [cluster-ClusterId{value='68cd77175307eb239ac6861e', description='null'}-test-twitter-clone-shard-00-01.axgdt.mongodb.net:27017] INFO  org.mongodb.driver.connection - Opened connection [connectionId{localValue:1, serverValue:145718}] to test-twitter-clone-shard-00-01.axgdt.mongodb.net:27017
25-09-19 21:00:32.707 [cluster-rtt-ClusterId{value='68cd77175307eb239ac6861e', description='null'}-test-twitter-clone-shard-00-00.axgdt.mongodb.net:27017] INFO  org.mongodb.driver.connection - Opened connection [connectionId{localValue:4, serverValue:136685}] to test-twitter-clone-shard-00-00.axgdt.mongodb.net:27017
25-09-19 21:00:32.708 [cluster-ClusterId{value='68cd77175307eb239ac6861e', description='null'}-test-twitter-clone-shard-00-01.axgdt.mongodb.net:27017] INFO  org.mongodb.driver.cluster - Monitor thread successfully connected to server with description ServerDescription{address=test-twitter-clone-shard-00-01.axgdt.mongodb.net:27017, type=REPLICA_SET_PRIMARY, state=CONNECTED, ok=true, minWireVersion=0, maxWireVersion=25, maxDocumentSize=16777216, logicalSessionTimeoutMinutes=30, roundTripTimeNanos=647974300, setName='atlas-ztghgj-shard-0', canonicalAddress=test-twitter-clone-shard-00-01.axgdt.mongodb.net:27017, hosts=[test-twitter-clone-shard-00-01.axgdt.mongodb.net:27017, test-twitter-clone-shard-00-02.axgdt.mongodb.net:27017, test-twitter-clone-shard-00-00.axgdt.mongodb.net:27017], passives=[], arbiters=[], primary='test-twitter-clone-shard-00-01.axgdt.mongodb.net:27017', tagSet=TagSet{[Tag{name='availabilityZone', value='aps1-az3'}, Tag{name='diskState', value='READY'}, Tag{name='nodeType', value='ELECTABLE'}, Tag{name='provider', value='AWS'}, Tag{name='region', value='AP_SOUTH_1'}, Tag{name='workloadType', value='OPERATIONAL'}]}, electionId=7fffffff0000000000000027, setVersion=1, topologyVersion=TopologyVersion{processId=68c56fd6304bda3d7d9a0d8b, counter=6}, lastWriteDate=Fri Sep 19 21:00:32 IST 2025, lastUpdateTimeNanos=34480672114800}
25-09-19 21:00:32.708 [cluster-ClusterId{value='68cd77175307eb239ac6861e', description='null'}-test-twitter-clone-shard-00-00.axgdt.mongodb.net:27017] INFO  org.mongodb.driver.cluster - Monitor thread successfully connected to server with description ServerDescription{address=test-twitter-clone-shard-00-00.axgdt.mongodb.net:27017, type=REPLICA_SET_SECONDARY, state=CONNECTED, ok=true, minWireVersion=0, maxWireVersion=25, maxDocumentSize=16777216, logicalSessionTimeoutMinutes=30, roundTripTimeNanos=662648000, setName='atlas-ztghgj-shard-0', canonicalAddress=test-twitter-clone-shard-00-00.axgdt.mongodb.net:27017, hosts=[test-twitter-clone-shard-00-01.axgdt.mongodb.net:27017, test-twitter-clone-shard-00-02.axgdt.mongodb.net:27017, test-twitter-clone-shard-00-00.axgdt.mongodb.net:27017], passives=[], arbiters=[], primary='test-twitter-clone-shard-00-01.axgdt.mongodb.net:27017', tagSet=TagSet{[Tag{name='availabilityZone', value='aps1-az1'}, Tag{name='diskState', value='READY'}, Tag{name='nodeType', value='ELECTABLE'}, Tag{name='provider', value='AWS'}, Tag{name='region', value='AP_SOUTH_1'}, Tag{name='workloadType', value='OPERATIONAL'}]}, electionId=null, setVersion=1, topologyVersion=TopologyVersion{processId=68c56da73719497883923d5e, counter=4}, lastWriteDate=Fri Sep 19 21:00:32 IST 2025, lastUpdateTimeNanos=34480672114700}
25-09-19 21:00:32.708 [cluster-ClusterId{value='68cd77175307eb239ac6861e', description='null'}-test-twitter-clone-shard-00-02.axgdt.mongodb.net:27017] INFO  org.mongodb.driver.cluster - Monitor thread successfully connected to server with description ServerDescription{address=test-twitter-clone-shard-00-02.axgdt.mongodb.net:27017, type=REPLICA_SET_SECONDARY, state=CONNECTED, ok=true, minWireVersion=0, maxWireVersion=25, maxDocumentSize=16777216, logicalSessionTimeoutMinutes=30, roundTripTimeNanos=636830400, setName='atlas-ztghgj-shard-0', canonicalAddress=test-twitter-clone-shard-00-02.axgdt.mongodb.net:27017, hosts=[test-twitter-clone-shard-00-01.axgdt.mongodb.net:27017, test-twitter-clone-shard-00-02.axgdt.mongodb.net:27017, test-twitter-clone-shard-00-00.axgdt.mongodb.net:27017], passives=[], arbiters=[], primary='test-twitter-clone-shard-00-01.axgdt.mongodb.net:27017', tagSet=TagSet{[Tag{name='availabilityZone', value='aps1-az2'}, Tag{name='diskState', value='READY'}, Tag{name='nodeType', value='ELECTABLE'}, Tag{name='provider', value='AWS'}, Tag{name='region', value='AP_SOUTH_1'}, Tag{name='workloadType', value='OPERATIONAL'}]}, electionId=null, setVersion=1, topologyVersion=TopologyVersion{processId=68c573214340327af8925781, counter=3}, lastWriteDate=Fri Sep 19 21:00:32 IST 2025, lastUpdateTimeNanos=34480672114700}
25-09-19 21:00:32.719 [cluster-ClusterId{value='68cd77175307eb239ac6861e', description='null'}-test-twitter-clone-shard-00-01.axgdt.mongodb.net:27017] INFO  org.mongodb.driver.cluster - Setting max election id to 7fffffff0000000000000027 from replica set primary test-twitter-clone-shard-00-01.axgdt.mongodb.net:27017
25-09-19 21:00:32.720 [cluster-ClusterId{value='68cd77175307eb239ac6861e', description='null'}-test-twitter-clone-shard-00-01.axgdt.mongodb.net:27017] INFO  org.mongodb.driver.cluster - Setting max set version to 1 from replica set primary test-twitter-clone-shard-00-01.axgdt.mongodb.net:27017
25-09-19 21:00:32.720 [cluster-ClusterId{value='68cd77175307eb239ac6861e', description='null'}-test-twitter-clone-shard-00-01.axgdt.mongodb.net:27017] INFO  org.mongodb.driver.cluster - Discovered replica set primary test-twitter-clone-shard-00-01.axgdt.mongodb.net:27017
25-09-19 21:00:33.163 [restartedMain] INFO  org.mongodb.driver.connection - Opened connection [connectionId{localValue:7, serverValue:145716}] to test-twitter-clone-shard-00-01.axgdt.mongodb.net:27017
25-09-19 21:00:33.775 [restartedMain] INFO  o.s.s.web.DefaultSecurityFilterChain - Will secure any request with [org.springframework.security.web.session.DisableEncodeUrlFilter@625ea446, org.springframework.security.web.context.request.async.WebAsyncManagerIntegrationFilter@3813b496, org.springframework.security.web.context.SecurityContextPersistenceFilter@45429f24, org.springframework.security.web.header.HeaderWriterFilter@229ec308, org.springframework.security.web.authentication.logout.LogoutFilter@6aad23c, org.springframework.security.web.authentication.www.BasicAuthenticationFilter@30cc6459, org.springframework.security.web.savedrequest.RequestCacheAwareFilter@27ab0f95, org.springframework.security.web.servletapi.SecurityContextHolderAwareRequestFilter@526b6a2, org.springframework.security.web.authentication.AnonymousAuthenticationFilter@18c9355, org.springframework.security.web.session.SessionManagementFilter@4d1fc30d, org.springframework.security.web.access.ExceptionTranslationFilter@2fa6f663, org.springframework.security.web.access.intercept.FilterSecurityInterceptor@6f352116]
25-09-19 21:00:34.419 [restartedMain] INFO  o.a.coyote.http11.Http11NioProtocol - Starting ProtocolHandler ["http-nio-8080"]
25-09-19 21:00:34.457 [restartedMain] INFO  o.s.b.w.e.tomcat.TomcatWebServer - Tomcat started on port(s): 8080 (http) with context path ''
25-09-19 21:00:34.476 [restartedMain] INFO  n.e.journalApp.JournalApplication - Started JournalApplication in 7.258 seconds (JVM running for 8.439)
25-09-19 21:53:02.553 [restartedMain] INFO  n.e.journalApp.JournalApplication - Starting JournalApplication using Java 24.0.2 on Krushna with PID 19464 (D:\spring\journalApp\journalApp\target\classes started by Admin in D:\spring\journalApp)
25-09-19 21:53:02.561 [restartedMain] DEBUG n.e.journalApp.JournalApplication - Running with Spring Boot v2.7.16, Spring v5.3.30
25-09-19 21:53:02.562 [restartedMain] INFO  n.e.journalApp.JournalApplication - The following 1 profile is active: "dev"
25-09-19 21:53:02.693 [restartedMain] INFO  o.s.b.d.e.DevToolsPropertyDefaultsPostProcessor - Devtools property defaults active! Set 'spring.devtools.add-properties' to 'false' to disable
25-09-19 21:53:02.694 [restartedMain] INFO  o.s.b.d.e.DevToolsPropertyDefaultsPostProcessor - For additional web related logging consider setting the 'logging.level.web' property to 'DEBUG'
25-09-19 21:53:03.803 [restartedMain] INFO  o.s.d.r.c.RepositoryConfigurationDelegate - Bootstrapping Spring Data MongoDB repositories in DEFAULT mode.
25-09-19 21:53:03.916 [restartedMain] INFO  o.s.d.r.c.RepositoryConfigurationDelegate - Finished Spring Data repository scanning in 107 ms. Found 2 MongoDB repository interfaces.
25-09-19 21:53:05.098 [restartedMain] INFO  o.s.b.w.e.tomcat.TomcatWebServer - Tomcat initialized with port(s): 8080 (http)
25-09-19 21:53:05.110 [restartedMain] INFO  o.a.coyote.http11.Http11NioProtocol - Initializing ProtocolHandler ["http-nio-8080"]
25-09-19 21:53:05.116 [restartedMain] INFO  o.a.catalina.core.StandardService - Starting service [Tomcat]
25-09-19 21:53:05.117 [restartedMain] INFO  o.a.catalina.core.StandardEngine - Starting Servlet engine: [Apache Tomcat/9.0.80]
25-09-19 21:53:05.247 [restartedMain] INFO  o.a.c.c.C.[Tomcat].[localhost].[/] - Initializing Spring embedded WebApplicationContext
25-09-19 21:53:05.248 [restartedMain] INFO  o.s.b.w.s.c.ServletWebServerApplicationContext - Root WebApplicationContext: initialization completed in 2552 ms
25-09-19 21:53:05.842 [cluster-ClusterId{value='68cd83692a23fd037e5a95ad', description='null'}-srv-test-twitter-clone.axgdt.mongodb.net] INFO  org.mongodb.driver.cluster - Adding discovered server test-twitter-clone-shard-00-02.axgdt.mongodb.net:27017 to client view of cluster
25-09-19 21:53:05.911 [restartedMain] INFO  org.mongodb.driver.client - MongoClient with metadata {"driver": {"name": "mongo-java-driver|sync|spring-boot", "version": "4.6.1"}, "os": {"type": "Windows", "name": "Windows 11", "architecture": "amd64", "version": "10.0"}, "platform": "Java/Oracle Corporation/24.0.2+12-54", "application": {"name": "test-twitter-clone"}} created with settings MongoClientSettings{readPreference=primary, writeConcern=WriteConcern{w=majority, wTimeout=null ms, journal=null}, retryWrites=true, retryReads=true, readConcern=ReadConcern{level=null}, credential=MongoCredential{mechanism=null, userName='varshaharde88', source='admin', password=<hidden>, mechanismProperties=<hidden>}, streamFactoryFactory=null, commandListeners=[], codecRegistry=ProvidersCodecRegistry{codecProviders=[ValueCodecProvider{}, BsonValueCodecProvider{}, DBRefCodecProvider{}, DBObjectCodecProvider{}, DocumentCodecProvider{}, IterableCodecProvider{}, MapCodecProvider{}, GeoJsonCodecProvider{}, GridFSFileCodecProvider{}, Jsr310CodecProvider{}, JsonObjectCodecProvider{}, BsonCodecProvider{}, EnumCodecProvider{}, com.mongodb.Jep395RecordCodecProvider@62a4e9e2]}, clusterSettings={hosts=[127.0.0.1:27017], srvHost=test-twitter-clone.axgdt.mongodb.net, srvServiceName=mongodb, mode=MULTIPLE, requiredClusterType=REPLICA_SET, requiredReplicaSetName='atlas-ztghgj-shard-0', serverSelector='null', clusterListeners='[]', serverSelectionTimeout='30000 ms', localThreshold='30000 ms'}, socketSettings=SocketSettings{connectTimeoutMS=10000, readTimeoutMS=0, receiveBufferSize=0, sendBufferSize=0}, heartbeatSocketSettings=SocketSettings{connectTimeoutMS=10000, readTimeoutMS=10000, receiveBufferSize=0, sendBufferSize=0}, connectionPoolSettings=ConnectionPoolSettings{maxSize=100, minSize=0, maxWaitTimeMS=120000, maxConnectionLifeTimeMS=0, maxConnectionIdleTimeMS=0, maintenanceInitialDelayMS=0, maintenanceFrequencyMS=60000, connectionPoolListeners=[], maxConnecting=2}, serverSettings=ServerSettings{heartbeatFrequencyMS=10000, minHeartbeatFrequencyMS=500, serverListeners='[]', serverMonitorListeners='[]'}, sslSettings=SslSettings{enabled=true, invalidHostNameAllowed=false, context=null}, applicationName='test-twitter-clone', compressorList=[], uuidRepresentation=JAVA_LEGACY, serverApi=null, autoEncryptionSettings=null, contextProvider=null}
25-09-19 21:53:05.921 [cluster-ClusterId{value='68cd83692a23fd037e5a95ad', description='null'}-srv-test-twitter-clone.axgdt.mongodb.net] INFO  org.mongodb.driver.cluster - Adding discovered server test-twitter-clone-shard-00-01.axgdt.mongodb.net:27017 to client view of cluster
25-09-19 21:53:05.923 [cluster-ClusterId{value='68cd83692a23fd037e5a95ad', description='null'}-srv-test-twitter-clone.axgdt.mongodb.net] INFO  org.mongodb.driver.cluster - Adding discovered server test-twitter-clone-shard-00-00.axgdt.mongodb.net:27017 to client view of cluster
25-09-19 21:53:06.408 [restartedMain] INFO  o.s.b.d.a.OptionalLiveReloadServer - LiveReload server is running on port 35729
25-09-19 21:53:06.741 [restartedMain] INFO  org.mongodb.driver.cluster - No server chosen by com.mongodb.client.internal.MongoClientDelegate$1@7165bca4 from cluster description ClusterDescription{type=REPLICA_SET, connectionMode=MULTIPLE, serverDescriptions=[ServerDescription{address=test-twitter-clone-shard-00-01.axgdt.mongodb.net:27017, type=UNKNOWN, state=CONNECTING}, ServerDescription{address=test-twitter-clone-shard-00-00.axgdt.mongodb.net:27017, type=UNKNOWN, state=CONNECTING}, ServerDescription{address=test-twitter-clone-shard-00-02.axgdt.mongodb.net:27017, type=UNKNOWN, state=CONNECTING}]}. Waiting for 30000 ms before timing out
25-09-19 21:53:07.335 [cluster-rtt-ClusterId{value='68cd83692a23fd037e5a95ad', description='null'}-test-twitter-clone-shard-00-00.axgdt.mongodb.net:27017] INFO  org.mongodb.driver.connection - Opened connection [connectionId{localValue:2, serverValue:137309}] to test-twitter-clone-shard-00-00.axgdt.mongodb.net:27017
25-09-19 21:53:07.336 [cluster-ClusterId{value='68cd83692a23fd037e5a95ad', description='null'}-test-twitter-clone-shard-00-01.axgdt.mongodb.net:27017] INFO  org.mongodb.driver.connection - Opened connection [connectionId{localValue:4, serverValue:146354}] to test-twitter-clone-shard-00-01.axgdt.mongodb.net:27017
25-09-19 21:53:07.336 [cluster-rtt-ClusterId{value='68cd83692a23fd037e5a95ad', description='null'}-test-twitter-clone-shard-00-02.axgdt.mongodb.net:27017] INFO  org.mongodb.driver.connection - Opened connection [connectionId{localValue:6, serverValue:132370}] to test-twitter-clone-shard-00-02.axgdt.mongodb.net:27017
25-09-19 21:53:07.336 [cluster-ClusterId{value='68cd83692a23fd037e5a95ad', description='null'}-test-twitter-clone-shard-00-02.axgdt.mongodb.net:27017] INFO  org.mongodb.driver.connection - Opened connection [connectionId{localValue:3, serverValue:132371}] to test-twitter-clone-shard-00-02.axgdt.mongodb.net:27017
25-09-19 21:53:07.336 [cluster-rtt-ClusterId{value='68cd83692a23fd037e5a95ad', description='null'}-test-twitter-clone-shard-00-01.axgdt.mongodb.net:27017] INFO  org.mongodb.driver.connection - Opened connection [connectionId{localValue:5, serverValue:146342}] to test-twitter-clone-shard-00-01.axgdt.mongodb.net:27017
25-09-19 21:53:07.337 [cluster-ClusterId{value='68cd83692a23fd037e5a95ad', description='null'}-test-twitter-clone-shard-00-02.axgdt.mongodb.net:27017] INFO  org.mongodb.driver.cluster - Monitor thread successfully connected to server with description ServerDescription{address=test-twitter-clone-shard-00-02.axgdt.mongodb.net:27017, type=REPLICA_SET_SECONDARY, state=CONNECTED, ok=true, minWireVersion=0, maxWireVersion=25, maxDocumentSize=16777216, logicalSessionTimeoutMinutes=30, roundTripTimeNanos=784070300, setName='atlas-ztghgj-shard-0', canonicalAddress=test-twitter-clone-shard-00-02.axgdt.mongodb.net:27017, hosts=[test-twitter-clone-shard-00-01.axgdt.mongodb.net:27017, test-twitter-clone-shard-00-02.axgdt.mongodb.net:27017, test-twitter-clone-shard-00-00.axgdt.mongodb.net:27017], passives=[], arbiters=[], primary='test-twitter-clone-shard-00-01.axgdt.mongodb.net:27017', tagSet=TagSet{[Tag{name='availabilityZone', value='aps1-az2'}, Tag{name='diskState', value='READY'}, Tag{name='nodeType', value='ELECTABLE'}, Tag{name='provider', value='AWS'}, Tag{name='region', value='AP_SOUTH_1'}, Tag{name='workloadType', value='OPERATIONAL'}]}, electionId=null, setVersion=1, topologyVersion=TopologyVersion{processId=68c573214340327af8925781, counter=3}, lastWriteDate=Fri Sep 19 21:53:00 IST 2025, lastUpdateTimeNanos=37635301745100}
25-09-19 21:53:07.337 [cluster-ClusterId{value='68cd83692a23fd037e5a95ad', description='null'}-test-twitter-clone-shard-00-01.axgdt.mongodb.net:27017] INFO  org.mongodb.driver.cluster - Monitor thread successfully connected to server with description ServerDescription{address=test-twitter-clone-shard-00-01.axgdt.mongodb.net:27017, type=REPLICA_SET_PRIMARY, state=CONNECTED, ok=true, minWireVersion=0, maxWireVersion=25, maxDocumentSize=16777216, logicalSessionTimeoutMinutes=30, roundTripTimeNanos=784753900, setName='atlas-ztghgj-shard-0', canonicalAddress=test-twitter-clone-shard-00-01.axgdt.mongodb.net:27017, hosts=[test-twitter-clone-shard-00-01.axgdt.mongodb.net:27017, test-twitter-clone-shard-00-02.axgdt.mongodb.net:27017, test-twitter-clone-shard-00-00.axgdt.mongodb.net:27017], passives=[], arbiters=[], primary='test-twitter-clone-shard-00-01.axgdt.mongodb.net:27017', tagSet=TagSet{[Tag{name='availabilityZone', value='aps1-az3'}, Tag{name='diskState', value='READY'}, Tag{name='nodeType', value='ELECTABLE'}, Tag{name='provider', value='AWS'}, Tag{name='region', value='AP_SOUTH_1'}, Tag{name='workloadType', value='OPERATIONAL'}]}, electionId=7fffffff0000000000000027, setVersion=1, topologyVersion=TopologyVersion{processId=68c56fd6304bda3d7d9a0d8b, counter=6}, lastWriteDate=Fri Sep 19 21:53:00 IST 2025, lastUpdateTimeNanos=37635302307800}
25-09-19 21:53:07.337 [cluster-ClusterId{value='68cd83692a23fd037e5a95ad', description='null'}-test-twitter-clone-shard-00-00.axgdt.mongodb.net:27017] INFO  org.mongodb.driver.connection - Opened connection [connectionId{localValue:1, serverValue:137309}] to test-twitter-clone-shard-00-00.axgdt.mongodb.net:27017
25-09-19 21:53:07.338 [cluster-ClusterId{value='68cd83692a23fd037e5a95ad', description='null'}-test-twitter-clone-shard-00-00.axgdt.mongodb.net:27017] INFO  org.mongodb.driver.cluster - Monitor thread successfully connected to server with description ServerDescription{address=test-twitter-clone-shard-00-00.axgdt.mongodb.net:27017, type=REPLICA_SET_SECONDARY, state=CONNECTED, ok=true, minWireVersion=0, maxWireVersion=25, maxDocumentSize=16777216, logicalSessionTimeoutMinutes=30, roundTripTimeNanos=784496900, setName='atlas-ztghgj-shard-0', canonicalAddress=test-twitter-clone-shard-00-00.axgdt.mongodb.net:27017, hosts=[test-twitter-clone-shard-00-01.axgdt.mongodb.net:27017, test-twitter-clone-shard-00-02.axgdt.mongodb.net:27017, test-twitter-clone-shard-00-00.axgdt.mongodb.net:27017], passives=[], arbiters=[], primary='test-twitter-clone-shard-00-01.axgdt.mongodb.net:27017', tagSet=TagSet{[Tag{name='availabilityZone', value='aps1-az1'}, Tag{name='diskState', value='READY'}, Tag{name='nodeType', value='ELECTABLE'}, Tag{name='provider', value='AWS'}, Tag{name='region', value='AP_SOUTH_1'}, Tag{name='workloadType', value='OPERATIONAL'}]}, electionId=null, setVersion=1, topologyVersion=TopologyVersion{processId=68c56da73719497883923d5e, counter=4}, lastWriteDate=Fri Sep 19 21:53:00 IST 2025, lastUpdateTimeNanos=37635302055700}
25-09-19 21:53:07.344 [cluster-ClusterId{value='68cd83692a23fd037e5a95ad', description='null'}-test-twitter-clone-shard-00-01.axgdt.mongodb.net:27017] INFO  org.mongodb.driver.cluster - Setting max election id to 7fffffff0000000000000027 from replica set primary test-twitter-clone-shard-00-01.axgdt.mongodb.net:27017
25-09-19 21:53:07.345 [cluster-ClusterId{value='68cd83692a23fd037e5a95ad', description='null'}-test-twitter-clone-shard-00-01.axgdt.mongodb.net:27017] INFO  org.mongodb.driver.cluster - Setting max set version to 1 from replica set primary test-twitter-clone-shard-00-01.axgdt.mongodb.net:27017
25-09-19 21:53:07.345 [cluster-ClusterId{value='68cd83692a23fd037e5a95ad', description='null'}-test-twitter-clone-shard-00-01.axgdt.mongodb.net:27017] INFO  org.mongodb.driver.cluster - Discovered replica set primary test-twitter-clone-shard-00-01.axgdt.mongodb.net:27017
25-09-19 21:53:07.649 [restartedMain] INFO  org.mongodb.driver.connection - Opened connection [connectionId{localValue:7, serverValue:146342}] to test-twitter-clone-shard-00-01.axgdt.mongodb.net:27017
25-09-19 21:53:08.271 [restartedMain] INFO  o.s.s.web.DefaultSecurityFilterChain - Will secure any request with [org.springframework.security.web.session.DisableEncodeUrlFilter@1e5d7abf, org.springframework.security.web.context.request.async.WebAsyncManagerIntegrationFilter@60ec625f, org.springframework.security.web.context.SecurityContextPersistenceFilter@53d7a738, org.springframework.security.web.header.HeaderWriterFilter@5208c211, org.springframework.security.web.authentication.logout.LogoutFilter@2012c417, org.springframework.security.web.authentication.www.BasicAuthenticationFilter@10392ea4, org.springframework.security.web.savedrequest.RequestCacheAwareFilter@2e9893d7, org.springframework.security.web.servletapi.SecurityContextHolderAwareRequestFilter@6c58e665, org.springframework.security.web.authentication.AnonymousAuthenticationFilter@e21cc53, org.springframework.security.web.session.SessionManagementFilter@6c3bb824, org.springframework.security.web.access.ExceptionTranslationFilter@40ae080, org.springframework.security.web.access.intercept.FilterSecurityInterceptor@19cac73]
25-09-19 21:53:08.776 [restartedMain] INFO  o.a.coyote.http11.Http11NioProtocol - Starting ProtocolHandler ["http-nio-8080"]
25-09-19 21:53:08.798 [restartedMain] INFO  o.s.b.w.e.tomcat.TomcatWebServer - Tomcat started on port(s): 8080 (http) with context path ''
25-09-19 21:53:08.817 [restartedMain] INFO  n.e.journalApp.JournalApplication - Started JournalApplication in 7.077 seconds (JVM running for 8.204)
